{"/home/selocan/Belgeler/tosbav2/types.ts": {"path":"/home/selocan/Belgeler/tosbav2/types.ts","statementMap":{"0":{"start":{"line":45,"column":7},"end":{"line":45,"column":null}},"1":{"start":{"line":46,"column":2},"end":{"line":46,"column":null}},"2":{"start":{"line":47,"column":2},"end":{"line":47,"column":null}},"3":{"start":{"line":48,"column":2},"end":{"line":48,"column":null}},"4":{"start":{"line":49,"column":2},"end":{"line":49,"column":null}},"5":{"start":{"line":50,"column":2},"end":{"line":50,"column":null}},"6":{"start":{"line":51,"column":2},"end":{"line":51,"column":null}},"7":{"start":{"line":52,"column":2},"end":{"line":52,"column":null}},"8":{"start":{"line":53,"column":2},"end":{"line":53,"column":null}},"9":{"start":{"line":54,"column":2},"end":{"line":54,"column":null}},"10":{"start":{"line":55,"column":2},"end":{"line":55,"column":null}},"11":{"start":{"line":56,"column":2},"end":{"line":56,"column":null}},"12":{"start":{"line":57,"column":2},"end":{"line":57,"column":null}},"13":{"start":{"line":58,"column":2},"end":{"line":58,"column":null}},"14":{"start":{"line":59,"column":2},"end":{"line":59,"column":null}},"15":{"start":{"line":45,"column":12},"end":{"line":45,"column":null}}},"fnMap":{"0":{"name":"(anonymous_0)","decl":{"start":{"line":45,"column":7},"end":{"line":45,"column":12}},"loc":{"start":{"line":45,"column":7},"end":{"line":45,"column":null}},"line":45}},"branchMap":{"0":{"loc":{"start":{"line":45,"column":12},"end":{"line":45,"column":null}},"type":"binary-expr","locations":[{"start":{"line":45,"column":12},"end":{"line":45,"column":null}},{"start":{"line":45,"column":12},"end":{"line":45,"column":null}}],"line":45}},"s":{"0":3,"1":3,"2":3,"3":3,"4":3,"5":3,"6":3,"7":3,"8":3,"9":3,"10":3,"11":3,"12":3,"13":3,"14":3,"15":3},"f":{"0":3},"b":{"0":[3,3]},"meta":{"lastBranch":1,"lastFunction":1,"lastStatement":16,"seen":{"s:45:7:45:Infinity":0,"f:45:7:45:12":0,"s:46:2:46:Infinity":1,"s:47:2:47:Infinity":2,"s:48:2:48:Infinity":3,"s:49:2:49:Infinity":4,"s:50:2:50:Infinity":5,"s:51:2:51:Infinity":6,"s:52:2:52:Infinity":7,"s:53:2:53:Infinity":8,"s:54:2:54:Infinity":9,"s:55:2:55:Infinity":10,"s:56:2:56:Infinity":11,"s:57:2:57:Infinity":12,"s:58:2:58:Infinity":13,"s:59:2:59:Infinity":14,"s:45:12:45:Infinity":15,"b:45:12:45:Infinity:45:12:45:Infinity":0}}}
,"/home/selocan/Belgeler/tosbav2/components/art/InfiniteColoring.tsx": {"path":"/home/selocan/Belgeler/tosbav2/components/art/InfiniteColoring.tsx","statementMap":{"0":{"start":{"line":5,"column":15},"end":{"line":17,"column":null}},"1":{"start":{"line":19,"column":35},"end":{"line":243,"column":null}},"2":{"start":{"line":20,"column":28},"end":{"line":20,"column":null}},"3":{"start":{"line":21,"column":40},"end":{"line":21,"column":null}},"4":{"start":{"line":22,"column":34},"end":{"line":22,"column":null}},"5":{"start":{"line":23,"column":42},"end":{"line":23,"column":null}},"6":{"start":{"line":25,"column":10},"end":{"line":25,"column":null}},"7":{"start":{"line":29,"column":29},"end":{"line":125,"column":null}},"8":{"start":{"line":30,"column":23},"end":{"line":30,"column":null}},"9":{"start":{"line":31,"column":8},"end":{"line":31,"column":null}},"10":{"start":{"line":31,"column":21},"end":{"line":31,"column":null}},"11":{"start":{"line":32,"column":20},"end":{"line":32,"column":null}},"12":{"start":{"line":33,"column":8},"end":{"line":33,"column":null}},"13":{"start":{"line":33,"column":18},"end":{"line":33,"column":null}},"14":{"start":{"line":35,"column":18},"end":{"line":35,"column":null}},"15":{"start":{"line":36,"column":18},"end":{"line":36,"column":null}},"16":{"start":{"line":41,"column":24},"end":{"line":41,"column":null}},"17":{"start":{"line":42,"column":21},"end":{"line":42,"column":null}},"18":{"start":{"line":43,"column":27},"end":{"line":43,"column":null}},"19":{"start":{"line":45,"column":14},"end":{"line":45,"column":null}},"20":{"start":{"line":46,"column":23},"end":{"line":46,"column":null}},"21":{"start":{"line":47,"column":23},"end":{"line":47,"column":null}},"22":{"start":{"line":48,"column":23},"end":{"line":48,"column":null}},"23":{"start":{"line":51,"column":24},"end":{"line":51,"column":null}},"24":{"start":{"line":52,"column":8},"end":{"line":52,"column":null}},"25":{"start":{"line":52,"column":22},"end":{"line":52,"column":null}},"26":{"start":{"line":53,"column":8},"end":{"line":53,"column":null}},"27":{"start":{"line":54,"column":8},"end":{"line":54,"column":null}},"28":{"start":{"line":55,"column":25},"end":{"line":55,"column":null}},"29":{"start":{"line":56,"column":38},"end":{"line":56,"column":null}},"30":{"start":{"line":58,"column":8},"end":{"line":58,"column":null}},"31":{"start":{"line":58,"column":70},"end":{"line":58,"column":null}},"32":{"start":{"line":60,"column":32},"end":{"line":69,"column":null}},"33":{"start":{"line":61,"column":22},"end":{"line":61,"column":null}},"34":{"start":{"line":62,"column":22},"end":{"line":62,"column":null}},"35":{"start":{"line":63,"column":22},"end":{"line":63,"column":null}},"36":{"start":{"line":68,"column":12},"end":{"line":68,"column":null}},"37":{"start":{"line":71,"column":27},"end":{"line":76,"column":null}},"38":{"start":{"line":72,"column":12},"end":{"line":72,"column":null}},"39":{"start":{"line":73,"column":12},"end":{"line":73,"column":null}},"40":{"start":{"line":74,"column":12},"end":{"line":74,"column":null}},"41":{"start":{"line":75,"column":12},"end":{"line":75,"column":null}},"42":{"start":{"line":78,"column":8},"end":{"line":122,"column":null}},"43":{"start":{"line":79,"column":27},"end":{"line":79,"column":null}},"44":{"start":{"line":80,"column":22},"end":{"line":80,"column":null}},"45":{"start":{"line":81,"column":20},"end":{"line":81,"column":null}},"46":{"start":{"line":83,"column":16},"end":{"line":83,"column":null}},"47":{"start":{"line":85,"column":12},"end":{"line":87,"column":null}},"48":{"start":{"line":86,"column":16},"end":{"line":86,"column":null}},"49":{"start":{"line":89,"column":12},"end":{"line":89,"column":null}},"50":{"start":{"line":90,"column":12},"end":{"line":90,"column":null}},"51":{"start":{"line":92,"column":28},"end":{"line":92,"column":null}},"52":{"start":{"line":93,"column":29},"end":{"line":93,"column":null}},"53":{"start":{"line":95,"column":12},"end":{"line":121,"column":null}},"54":{"start":{"line":96,"column":16},"end":{"line":96,"column":null}},"55":{"start":{"line":98,"column":16},"end":{"line":107,"column":null}},"56":{"start":{"line":99,"column":20},"end":{"line":106,"column":null}},"57":{"start":{"line":100,"column":24},"end":{"line":103,"column":null}},"58":{"start":{"line":101,"column":28},"end":{"line":101,"column":null}},"59":{"start":{"line":102,"column":28},"end":{"line":102,"column":null}},"60":{"start":{"line":104,"column":20},"end":{"line":106,"column":null}},"61":{"start":{"line":105,"column":24},"end":{"line":105,"column":null}},"62":{"start":{"line":109,"column":16},"end":{"line":118,"column":null}},"63":{"start":{"line":110,"column":20},"end":{"line":117,"column":null}},"64":{"start":{"line":111,"column":24},"end":{"line":114,"column":null}},"65":{"start":{"line":112,"column":28},"end":{"line":112,"column":null}},"66":{"start":{"line":113,"column":28},"end":{"line":113,"column":null}},"67":{"start":{"line":115,"column":20},"end":{"line":117,"column":null}},"68":{"start":{"line":116,"column":24},"end":{"line":116,"column":null}},"69":{"start":{"line":120,"column":16},"end":{"line":120,"column":null}},"70":{"start":{"line":124,"column":8},"end":{"line":124,"column":null}},"71":{"start":{"line":127,"column":30},"end":{"line":139,"column":null}},"72":{"start":{"line":128,"column":20},"end":{"line":128,"column":null}},"73":{"start":{"line":129,"column":8},"end":{"line":137,"column":null}},"74":{"start":{"line":130,"column":27},"end":{"line":130,"column":null}},"75":{"start":{"line":131,"column":12},"end":{"line":136,"column":null}},"76":{"start":{"line":132,"column":28},"end":{"line":132,"column":null}},"77":{"start":{"line":133,"column":16},"end":{"line":133,"column":null}},"78":{"start":{"line":134,"column":16},"end":{"line":134,"column":null}},"79":{"start":{"line":135,"column":16},"end":{"line":135,"column":null}},"80":{"start":{"line":135,"column":25},"end":{"line":135,"column":null}},"81":{"start":{"line":138,"column":8},"end":{"line":138,"column":null}},"82":{"start":{"line":141,"column":25},"end":{"line":164,"column":null}},"83":{"start":{"line":142,"column":8},"end":{"line":142,"column":null}},"84":{"start":{"line":142,"column":21},"end":{"line":142,"column":null}},"85":{"start":{"line":143,"column":8},"end":{"line":143,"column":null}},"86":{"start":{"line":146,"column":28},"end":{"line":146,"column":null}},"87":{"start":{"line":147,"column":20},"end":{"line":147,"column":null}},"88":{"start":{"line":149,"column":29},"end":{"line":149,"column":null}},"89":{"start":{"line":150,"column":8},"end":{"line":156,"column":null}},"90":{"start":{"line":151,"column":12},"end":{"line":151,"column":null}},"91":{"start":{"line":152,"column":8},"end":{"line":156,"column":null}},"92":{"start":{"line":153,"column":12},"end":{"line":153,"column":null}},"93":{"start":{"line":155,"column":12},"end":{"line":155,"column":null}},"94":{"start":{"line":158,"column":31},"end":{"line":158,"column":null}},"95":{"start":{"line":159,"column":20},"end":{"line":159,"column":null}},"96":{"start":{"line":160,"column":8},"end":{"line":160,"column":null}},"97":{"start":{"line":161,"column":8},"end":{"line":161,"column":null}},"98":{"start":{"line":162,"column":8},"end":{"line":162,"column":null}},"99":{"start":{"line":163,"column":8},"end":{"line":163,"column":null}},"100":{"start":{"line":166,"column":26},"end":{"line":177,"column":null}},"101":{"start":{"line":167,"column":23},"end":{"line":167,"column":null}},"102":{"start":{"line":168,"column":8},"end":{"line":168,"column":null}},"103":{"start":{"line":168,"column":21},"end":{"line":168,"column":null}},"104":{"start":{"line":170,"column":21},"end":{"line":170,"column":null}},"105":{"start":{"line":172,"column":22},"end":{"line":172,"column":null}},"106":{"start":{"line":173,"column":22},"end":{"line":173,"column":null}},"107":{"start":{"line":175,"column":8},"end":{"line":175,"column":null}},"108":{"start":{"line":176,"column":8},"end":{"line":176,"column":null}},"109":{"start":{"line":179,"column":29},"end":{"line":184,"column":null}},"110":{"start":{"line":180,"column":8},"end":{"line":180,"column":null}},"111":{"start":{"line":180,"column":33},"end":{"line":180,"column":null}},"112":{"start":{"line":181,"column":8},"end":{"line":181,"column":null}},"113":{"start":{"line":181,"column":33},"end":{"line":181,"column":null}},"114":{"start":{"line":182,"column":8},"end":{"line":182,"column":null}},"115":{"start":{"line":182,"column":33},"end":{"line":182,"column":null}},"116":{"start":{"line":183,"column":8},"end":{"line":183,"column":null}},"117":{"start":{"line":186,"column":4},"end":{"line":241,"column":null}},"118":{"start":{"line":192,"column":74},"end":{"line":192,"column":null}},"119":{"start":{"line":210,"column":24},"end":{"line":215,"column":null}},"120":{"start":{"line":212,"column":43},"end":{"line":212,"column":null}}},"fnMap":{"0":{"name":"(anonymous_0)","decl":{"start":{"line":19,"column":35},"end":{"line":19,"column":41}},"loc":{"start":{"line":19,"column":41},"end":{"line":243,"column":null}},"line":19},"1":{"name":"(anonymous_1)","decl":{"start":{"line":29,"column":29},"end":{"line":29,"column":30}},"loc":{"start":{"line":29,"column":84},"end":{"line":125,"column":null}},"line":29},"2":{"name":"(anonymous_2)","decl":{"start":{"line":60,"column":32},"end":{"line":60,"column":33}},"loc":{"start":{"line":60,"column":49},"end":{"line":69,"column":null}},"line":60},"3":{"name":"(anonymous_3)","decl":{"start":{"line":71,"column":27},"end":{"line":71,"column":28}},"loc":{"start":{"line":71,"column":44},"end":{"line":76,"column":null}},"line":71},"4":{"name":"(anonymous_4)","decl":{"start":{"line":127,"column":30},"end":{"line":127,"column":31}},"loc":{"start":{"line":127,"column":47},"end":{"line":139,"column":null}},"line":127},"5":{"name":"(anonymous_5)","decl":{"start":{"line":129,"column":21},"end":{"line":129,"column":27}},"loc":{"start":{"line":129,"column":27},"end":{"line":137,"column":null}},"line":129},"6":{"name":"(anonymous_6)","decl":{"start":{"line":141,"column":25},"end":{"line":141,"column":37}},"loc":{"start":{"line":141,"column":37},"end":{"line":164,"column":null}},"line":141},"7":{"name":"(anonymous_7)","decl":{"start":{"line":166,"column":26},"end":{"line":166,"column":27}},"loc":{"start":{"line":166,"column":51},"end":{"line":177,"column":null}},"line":166},"8":{"name":"(anonymous_8)","decl":{"start":{"line":179,"column":29},"end":{"line":179,"column":30}},"loc":{"start":{"line":179,"column":48},"end":{"line":184,"column":null}},"line":179},"9":{"name":"(anonymous_9)","decl":{"start":{"line":192,"column":30},"end":{"line":192,"column":31}},"loc":{"start":{"line":192,"column":74},"end":{"line":192,"column":null}},"line":192},"10":{"name":"(anonymous_10)","decl":{"start":{"line":209,"column":32},"end":{"line":209,"column":null}},"loc":{"start":{"line":210,"column":24},"end":{"line":215,"column":null}},"line":210},"11":{"name":"(anonymous_11)","decl":{"start":{"line":212,"column":37},"end":{"line":212,"column":43}},"loc":{"start":{"line":212,"column":43},"end":{"line":212,"column":null}},"line":212}},"branchMap":{"0":{"loc":{"start":{"line":31,"column":8},"end":{"line":31,"column":null}},"type":"if","locations":[{"start":{"line":31,"column":8},"end":{"line":31,"column":null}},{"start":{},"end":{}}],"line":31},"1":{"loc":{"start":{"line":33,"column":8},"end":{"line":33,"column":null}},"type":"if","locations":[{"start":{"line":33,"column":8},"end":{"line":33,"column":null}},{"start":{},"end":{}}],"line":33},"2":{"loc":{"start":{"line":52,"column":8},"end":{"line":52,"column":null}},"type":"if","locations":[{"start":{"line":52,"column":8},"end":{"line":52,"column":null}},{"start":{},"end":{}}],"line":52},"3":{"loc":{"start":{"line":58,"column":8},"end":{"line":58,"column":null}},"type":"if","locations":[{"start":{"line":58,"column":8},"end":{"line":58,"column":null}},{"start":{},"end":{}}],"line":58},"4":{"loc":{"start":{"line":58,"column":12},"end":{"line":58,"column":70}},"type":"binary-expr","locations":[{"start":{"line":58,"column":12},"end":{"line":58,"column":32}},{"start":{"line":58,"column":32},"end":{"line":58,"column":52}},{"start":{"line":58,"column":52},"end":{"line":58,"column":70}}],"line":58},"5":{"loc":{"start":{"line":68,"column":19},"end":{"line":68,"column":null}},"type":"binary-expr","locations":[{"start":{"line":68,"column":19},"end":{"line":68,"column":48}},{"start":{"line":68,"column":48},"end":{"line":68,"column":77}},{"start":{"line":68,"column":77},"end":{"line":68,"column":null}}],"line":68},"6":{"loc":{"start":{"line":85,"column":19},"end":{"line":85,"column":58}},"type":"binary-expr","locations":[{"start":{"line":85,"column":19},"end":{"line":85,"column":31}},{"start":{"line":85,"column":31},"end":{"line":85,"column":58}}],"line":85},"7":{"loc":{"start":{"line":95,"column":19},"end":{"line":95,"column":61}},"type":"binary-expr","locations":[{"start":{"line":95,"column":19},"end":{"line":95,"column":34}},{"start":{"line":95,"column":34},"end":{"line":95,"column":61}}],"line":95},"8":{"loc":{"start":{"line":98,"column":16},"end":{"line":107,"column":null}},"type":"if","locations":[{"start":{"line":98,"column":16},"end":{"line":107,"column":null}},{"start":{},"end":{}}],"line":98},"9":{"loc":{"start":{"line":99,"column":20},"end":{"line":106,"column":null}},"type":"if","locations":[{"start":{"line":99,"column":20},"end":{"line":106,"column":null}},{"start":{"line":104,"column":20},"end":{"line":106,"column":null}}],"line":99},"10":{"loc":{"start":{"line":100,"column":24},"end":{"line":103,"column":null}},"type":"if","locations":[{"start":{"line":100,"column":24},"end":{"line":103,"column":null}},{"start":{},"end":{}}],"line":100},"11":{"loc":{"start":{"line":104,"column":20},"end":{"line":106,"column":null}},"type":"if","locations":[{"start":{"line":104,"column":20},"end":{"line":106,"column":null}},{"start":{},"end":{}}],"line":104},"12":{"loc":{"start":{"line":109,"column":16},"end":{"line":118,"column":null}},"type":"if","locations":[{"start":{"line":109,"column":16},"end":{"line":118,"column":null}},{"start":{},"end":{}}],"line":109},"13":{"loc":{"start":{"line":110,"column":20},"end":{"line":117,"column":null}},"type":"if","locations":[{"start":{"line":110,"column":20},"end":{"line":117,"column":null}},{"start":{"line":115,"column":20},"end":{"line":117,"column":null}}],"line":110},"14":{"loc":{"start":{"line":111,"column":24},"end":{"line":114,"column":null}},"type":"if","locations":[{"start":{"line":111,"column":24},"end":{"line":114,"column":null}},{"start":{},"end":{}}],"line":111},"15":{"loc":{"start":{"line":115,"column":20},"end":{"line":117,"column":null}},"type":"if","locations":[{"start":{"line":115,"column":20},"end":{"line":117,"column":null}},{"start":{},"end":{}}],"line":115},"16":{"loc":{"start":{"line":131,"column":12},"end":{"line":136,"column":null}},"type":"if","locations":[{"start":{"line":131,"column":12},"end":{"line":136,"column":null}},{"start":{},"end":{}}],"line":131},"17":{"loc":{"start":{"line":135,"column":16},"end":{"line":135,"column":null}},"type":"if","locations":[{"start":{"line":135,"column":16},"end":{"line":135,"column":null}},{"start":{},"end":{}}],"line":135},"18":{"loc":{"start":{"line":142,"column":8},"end":{"line":142,"column":null}},"type":"if","locations":[{"start":{"line":142,"column":8},"end":{"line":142,"column":null}},{"start":{},"end":{}}],"line":142},"19":{"loc":{"start":{"line":147,"column":20},"end":{"line":147,"column":null}},"type":"binary-expr","locations":[{"start":{"line":147,"column":20},"end":{"line":147,"column":49}},{"start":{"line":147,"column":49},"end":{"line":147,"column":78}},{"start":{"line":147,"column":78},"end":{"line":147,"column":null}}],"line":147},"20":{"loc":{"start":{"line":150,"column":8},"end":{"line":156,"column":null}},"type":"if","locations":[{"start":{"line":150,"column":8},"end":{"line":156,"column":null}},{"start":{"line":152,"column":8},"end":{"line":156,"column":null}}],"line":150},"21":{"loc":{"start":{"line":152,"column":8},"end":{"line":156,"column":null}},"type":"if","locations":[{"start":{"line":152,"column":8},"end":{"line":156,"column":null}},{"start":{"line":154,"column":15},"end":{"line":156,"column":null}}],"line":152},"22":{"loc":{"start":{"line":168,"column":8},"end":{"line":168,"column":null}},"type":"if","locations":[{"start":{"line":168,"column":8},"end":{"line":168,"column":null}},{"start":{},"end":{}}],"line":168},"23":{"loc":{"start":{"line":180,"column":8},"end":{"line":180,"column":null}},"type":"if","locations":[{"start":{"line":180,"column":8},"end":{"line":180,"column":null}},{"start":{},"end":{}}],"line":180},"24":{"loc":{"start":{"line":181,"column":8},"end":{"line":181,"column":null}},"type":"if","locations":[{"start":{"line":181,"column":8},"end":{"line":181,"column":null}},{"start":{},"end":{}}],"line":181},"25":{"loc":{"start":{"line":182,"column":8},"end":{"line":182,"column":null}},"type":"if","locations":[{"start":{"line":182,"column":8},"end":{"line":182,"column":null}},{"start":{},"end":{}}],"line":182},"26":{"loc":{"start":{"line":201,"column":21},"end":{"line":201,"column":null}},"type":"cond-expr","locations":[{"start":{"line":201,"column":33},"end":{"line":201,"column":49}},{"start":{"line":201,"column":49},"end":{"line":201,"column":null}}],"line":201},"27":{"loc":{"start":{"line":213,"column":105},"end":{"line":213,"column":172}},"type":"cond-expr","locations":[{"start":{"line":213,"column":127},"end":{"line":213,"column":158}},{"start":{"line":213,"column":158},"end":{"line":213,"column":172}}],"line":213},"28":{"loc":{"start":{"line":221,"column":21},"end":{"line":225,"column":null}},"type":"binary-expr","locations":[{"start":{"line":221,"column":21},"end":{"line":221,"column":38}},{"start":{"line":221,"column":38},"end":{"line":221,"column":null}},{"start":{"line":222,"column":24},"end":{"line":225,"column":null}}],"line":221},"29":{"loc":{"start":{"line":227,"column":21},"end":{"line":231,"column":null}},"type":"binary-expr","locations":[{"start":{"line":227,"column":21},"end":{"line":227,"column":null}},{"start":{"line":228,"column":24},"end":{"line":231,"column":null}}],"line":227},"30":{"loc":{"start":{"line":235,"column":86},"end":{"line":235,"column":129}},"type":"cond-expr","locations":[{"start":{"line":235,"column":116},"end":{"line":235,"column":127}},{"start":{"line":235,"column":127},"end":{"line":235,"column":129}}],"line":235},"31":{"loc":{"start":{"line":235,"column":86},"end":{"line":235,"column":116}},"type":"binary-expr","locations":[{"start":{"line":235,"column":86},"end":{"line":235,"column":103}},{"start":{"line":235,"column":103},"end":{"line":235,"column":116}}],"line":235}},"s":{"0":1,"1":1,"2":38,"3":38,"4":38,"5":38,"6":38,"7":38,"8":1,"9":1,"10":0,"11":1,"12":1,"13":1,"14":0,"15":0,"16":0,"17":0,"18":0,"19":0,"20":0,"21":0,"22":0,"23":0,"24":0,"25":0,"26":0,"27":0,"28":0,"29":0,"30":0,"31":0,"32":0,"33":0,"34":0,"35":0,"36":0,"37":0,"38":0,"39":0,"40":0,"41":0,"42":0,"43":0,"44":0,"45":0,"46":0,"47":0,"48":0,"49":0,"50":0,"51":0,"52":0,"53":0,"54":0,"55":0,"56":0,"57":0,"58":0,"59":0,"60":0,"61":0,"62":0,"63":0,"64":0,"65":0,"66":0,"67":0,"68":0,"69":0,"70":0,"71":38,"72":7,"73":7,"74":0,"75":0,"76":0,"77":0,"78":0,"79":0,"80":0,"81":7,"82":38,"83":8,"84":1,"85":7,"86":7,"87":7,"88":8,"89":8,"90":1,"91":6,"92":5,"93":1,"94":7,"95":7,"96":7,"97":7,"98":7,"99":7,"100":38,"101":1,"102":1,"103":0,"104":1,"105":1,"106":1,"107":1,"108":1,"109":38,"110":1,"111":1,"112":0,"113":0,"114":0,"115":0,"116":0,"117":38,"118":8,"119":418,"120":1},"f":{"0":38,"1":1,"2":0,"3":0,"4":7,"5":0,"6":8,"7":1,"8":1,"9":8,"10":418,"11":1},"b":{"0":[0,1],"1":[1,0],"2":[0,0],"3":[0,0],"4":[0,0,0],"5":[0,0,0],"6":[0,0],"7":[0,0],"8":[0,0],"9":[0,0],"10":[0,0],"11":[0,0],"12":[0,0],"13":[0,0],"14":[0,0],"15":[0,0],"16":[0,0],"17":[0,0],"18":[1,7],"19":[7,0,0],"20":[1,6],"21":[5,1],"22":[0,1],"23":[1,0],"24":[0,0],"25":[0,0],"26":[7,31],"27":[38,380],"28":[38,31,24],"29":[38,7],"30":[31,7],"31":[38,7]},"meta":{"lastBranch":32,"lastFunction":12,"lastStatement":121,"seen":{"s:5:15:17:Infinity":0,"s:19:35:243:Infinity":1,"f:19:35:19:41":0,"s:20:28:20:Infinity":2,"s:21:40:21:Infinity":3,"s:22:34:22:Infinity":4,"s:23:42:23:Infinity":5,"s:25:10:25:Infinity":6,"s:29:29:125:Infinity":7,"f:29:29:29:30":1,"s:30:23:30:Infinity":8,"b:31:8:31:Infinity:undefined:undefined:undefined:undefined":0,"s:31:8:31:Infinity":9,"s:31:21:31:Infinity":10,"s:32:20:32:Infinity":11,"b:33:8:33:Infinity:undefined:undefined:undefined:undefined":1,"s:33:8:33:Infinity":12,"s:33:18:33:Infinity":13,"s:35:18:35:Infinity":14,"s:36:18:36:Infinity":15,"s:41:24:41:Infinity":16,"s:42:21:42:Infinity":17,"s:43:27:43:Infinity":18,"s:45:14:45:Infinity":19,"s:46:23:46:Infinity":20,"s:47:23:47:Infinity":21,"s:48:23:48:Infinity":22,"s:51:24:51:Infinity":23,"b:52:8:52:Infinity:undefined:undefined:undefined:undefined":2,"s:52:8:52:Infinity":24,"s:52:22:52:Infinity":25,"s:53:8:53:Infinity":26,"s:54:8:54:Infinity":27,"s:55:25:55:Infinity":28,"s:56:38:56:Infinity":29,"b:58:8:58:Infinity:undefined:undefined:undefined:undefined":3,"s:58:8:58:Infinity":30,"b:58:12:58:32:58:32:58:52:58:52:58:70":4,"s:58:70:58:Infinity":31,"s:60:32:69:Infinity":32,"f:60:32:60:33":2,"s:61:22:61:Infinity":33,"s:62:22:62:Infinity":34,"s:63:22:63:Infinity":35,"s:68:12:68:Infinity":36,"b:68:19:68:48:68:48:68:77:68:77:68:Infinity":5,"s:71:27:76:Infinity":37,"f:71:27:71:28":3,"s:72:12:72:Infinity":38,"s:73:12:73:Infinity":39,"s:74:12:74:Infinity":40,"s:75:12:75:Infinity":41,"s:78:8:122:Infinity":42,"s:79:27:79:Infinity":43,"s:80:22:80:Infinity":44,"s:81:20:81:Infinity":45,"s:83:16:83:Infinity":46,"s:85:12:87:Infinity":47,"b:85:19:85:31:85:31:85:58":6,"s:86:16:86:Infinity":48,"s:89:12:89:Infinity":49,"s:90:12:90:Infinity":50,"s:92:28:92:Infinity":51,"s:93:29:93:Infinity":52,"s:95:12:121:Infinity":53,"b:95:19:95:34:95:34:95:61":7,"s:96:16:96:Infinity":54,"b:98:16:107:Infinity:undefined:undefined:undefined:undefined":8,"s:98:16:107:Infinity":55,"b:99:20:106:Infinity:104:20:106:Infinity":9,"s:99:20:106:Infinity":56,"b:100:24:103:Infinity:undefined:undefined:undefined:undefined":10,"s:100:24:103:Infinity":57,"s:101:28:101:Infinity":58,"s:102:28:102:Infinity":59,"b:104:20:106:Infinity:undefined:undefined:undefined:undefined":11,"s:104:20:106:Infinity":60,"s:105:24:105:Infinity":61,"b:109:16:118:Infinity:undefined:undefined:undefined:undefined":12,"s:109:16:118:Infinity":62,"b:110:20:117:Infinity:115:20:117:Infinity":13,"s:110:20:117:Infinity":63,"b:111:24:114:Infinity:undefined:undefined:undefined:undefined":14,"s:111:24:114:Infinity":64,"s:112:28:112:Infinity":65,"s:113:28:113:Infinity":66,"b:115:20:117:Infinity:undefined:undefined:undefined:undefined":15,"s:115:20:117:Infinity":67,"s:116:24:116:Infinity":68,"s:120:16:120:Infinity":69,"s:124:8:124:Infinity":70,"s:127:30:139:Infinity":71,"f:127:30:127:31":4,"s:128:20:128:Infinity":72,"s:129:8:137:Infinity":73,"f:129:21:129:27":5,"s:130:27:130:Infinity":74,"b:131:12:136:Infinity:undefined:undefined:undefined:undefined":16,"s:131:12:136:Infinity":75,"s:132:28:132:Infinity":76,"s:133:16:133:Infinity":77,"s:134:16:134:Infinity":78,"b:135:16:135:Infinity:undefined:undefined:undefined:undefined":17,"s:135:16:135:Infinity":79,"s:135:25:135:Infinity":80,"s:138:8:138:Infinity":81,"s:141:25:164:Infinity":82,"f:141:25:141:37":6,"b:142:8:142:Infinity:undefined:undefined:undefined:undefined":18,"s:142:8:142:Infinity":83,"s:142:21:142:Infinity":84,"s:143:8:143:Infinity":85,"s:146:28:146:Infinity":86,"s:147:20:147:Infinity":87,"b:147:20:147:49:147:49:147:78:147:78:147:Infinity":19,"s:149:29:149:Infinity":88,"b:150:8:156:Infinity:152:8:156:Infinity":20,"s:150:8:156:Infinity":89,"s:151:12:151:Infinity":90,"b:152:8:156:Infinity:154:15:156:Infinity":21,"s:152:8:156:Infinity":91,"s:153:12:153:Infinity":92,"s:155:12:155:Infinity":93,"s:158:31:158:Infinity":94,"s:159:20:159:Infinity":95,"s:160:8:160:Infinity":96,"s:161:8:161:Infinity":97,"s:162:8:162:Infinity":98,"s:163:8:163:Infinity":99,"s:166:26:177:Infinity":100,"f:166:26:166:27":7,"s:167:23:167:Infinity":101,"b:168:8:168:Infinity:undefined:undefined:undefined:undefined":22,"s:168:8:168:Infinity":102,"s:168:21:168:Infinity":103,"s:170:21:170:Infinity":104,"s:172:22:172:Infinity":105,"s:173:22:173:Infinity":106,"s:175:8:175:Infinity":107,"s:176:8:176:Infinity":108,"s:179:29:184:Infinity":109,"f:179:29:179:30":8,"b:180:8:180:Infinity:undefined:undefined:undefined:undefined":23,"s:180:8:180:Infinity":110,"s:180:33:180:Infinity":111,"b:181:8:181:Infinity:undefined:undefined:undefined:undefined":24,"s:181:8:181:Infinity":112,"s:181:33:181:Infinity":113,"b:182:8:182:Infinity:undefined:undefined:undefined:undefined":25,"s:182:8:182:Infinity":114,"s:182:33:182:Infinity":115,"s:183:8:183:Infinity":116,"s:186:4:241:Infinity":117,"f:192:30:192:31":9,"s:192:74:192:Infinity":118,"b:201:33:201:49:201:49:201:Infinity":26,"f:209:32:209:Infinity":10,"s:210:24:215:Infinity":119,"f:212:37:212:43":11,"s:212:43:212:Infinity":120,"b:213:127:213:158:213:158:213:172":27,"b:221:21:221:38:221:38:221:Infinity:222:24:225:Infinity":28,"b:227:21:227:Infinity:228:24:231:Infinity":29,"b:235:116:235:127:235:127:235:129":30,"b:235:86:235:103:235:103:235:116":31}}}
,"/home/selocan/Belgeler/tosbav2/components/story/DailyAdventureLog.tsx": {"path":"/home/selocan/Belgeler/tosbav2/components/story/DailyAdventureLog.tsx","statementMap":{"0":{"start":{"line":15,"column":23},"end":{"line":15,"column":null}},"1":{"start":{"line":26,"column":52},"end":{"line":57,"column":null}},"2":{"start":{"line":27,"column":31},"end":{"line":33,"column":null}},"3":{"start":{"line":27,"column":50},"end":{"line":33,"column":8}},"4":{"start":{"line":30,"column":31},"end":{"line":32,"column":null}},"5":{"start":{"line":35,"column":4},"end":{"line":55,"column":null}},"6":{"start":{"line":49,"column":38},"end":{"line":49,"column":59}},"7":{"start":{"line":49,"column":59},"end":{"line":49,"column":71}},"8":{"start":{"line":60,"column":43},"end":{"line":639,"column":null}},"9":{"start":{"line":69,"column":4},"end":{"line":69,"column":null}},"10":{"start":{"line":71,"column":40},"end":{"line":71,"column":null}},"11":{"start":{"line":72,"column":32},"end":{"line":72,"column":null}},"12":{"start":{"line":73,"column":40},"end":{"line":73,"column":null}},"13":{"start":{"line":76,"column":42},"end":{"line":76,"column":null}},"14":{"start":{"line":79,"column":34},"end":{"line":79,"column":null}},"15":{"start":{"line":80,"column":46},"end":{"line":80,"column":null}},"16":{"start":{"line":81,"column":50},"end":{"line":81,"column":null}},"17":{"start":{"line":83,"column":10},"end":{"line":83,"column":null}},"18":{"start":{"line":84,"column":10},"end":{"line":84,"column":null}},"19":{"start":{"line":87,"column":25},"end":{"line":92,"column":null}},"20":{"start":{"line":92,"column":49},"end":{"line":92,"column":55}},"21":{"start":{"line":102,"column":4},"end":{"line":107,"column":null}},"22":{"start":{"line":103,"column":8},"end":{"line":106,"column":null}},"23":{"start":{"line":104,"column":12},"end":{"line":104,"column":null}},"24":{"start":{"line":105,"column":12},"end":{"line":105,"column":null}},"25":{"start":{"line":105,"column":44},"end":{"line":105,"column":null}},"26":{"start":{"line":109,"column":31},"end":{"line":111,"column":null}},"27":{"start":{"line":110,"column":8},"end":{"line":110,"column":null}},"28":{"start":{"line":110,"column":33},"end":{"line":110,"column":66}},"29":{"start":{"line":110,"column":50},"end":{"line":110,"column":65}},"30":{"start":{"line":114,"column":26},"end":{"line":122,"column":null}},"31":{"start":{"line":115,"column":8},"end":{"line":121,"column":null}},"32":{"start":{"line":116,"column":27},"end":{"line":116,"column":null}},"33":{"start":{"line":116,"column":42},"end":{"line":116,"column":58}},"34":{"start":{"line":117,"column":12},"end":{"line":119,"column":null}},"35":{"start":{"line":118,"column":16},"end":{"line":118,"column":null}},"36":{"start":{"line":120,"column":12},"end":{"line":120,"column":null}},"37":{"start":{"line":125,"column":27},"end":{"line":133,"column":null}},"38":{"start":{"line":125,"column":46},"end":{"line":133,"column":8}},"39":{"start":{"line":128,"column":12},"end":{"line":128,"column":null}},"40":{"start":{"line":130,"column":31},"end":{"line":132,"column":null}},"41":{"start":{"line":136,"column":34},"end":{"line":156,"column":null}},"42":{"start":{"line":137,"column":22},"end":{"line":137,"column":null}},"43":{"start":{"line":138,"column":29},"end":{"line":138,"column":null}},"44":{"start":{"line":140,"column":8},"end":{"line":154,"column":null}},"45":{"start":{"line":143,"column":20},"end":{"line":152,"column":null}},"46":{"start":{"line":158,"column":30},"end":{"line":204,"column":null}},"47":{"start":{"line":159,"column":8},"end":{"line":159,"column":null}},"48":{"start":{"line":159,"column":32},"end":{"line":159,"column":null}},"49":{"start":{"line":160,"column":8},"end":{"line":163,"column":null}},"50":{"start":{"line":161,"column":12},"end":{"line":161,"column":null}},"51":{"start":{"line":162,"column":12},"end":{"line":162,"column":null}},"52":{"start":{"line":165,"column":8},"end":{"line":165,"column":null}},"53":{"start":{"line":166,"column":8},"end":{"line":203,"column":null}},"54":{"start":{"line":167,"column":32},"end":{"line":167,"column":null}},"55":{"start":{"line":168,"column":29},"end":{"line":168,"column":null}},"56":{"start":{"line":171,"column":38},"end":{"line":171,"column":null}},"57":{"start":{"line":171,"column":64},"end":{"line":171,"column":73}},"58":{"start":{"line":173,"column":29},"end":{"line":183,"column":null}},"59":{"start":{"line":185,"column":12},"end":{"line":197,"column":null}},"60":{"start":{"line":187,"column":16},"end":{"line":189,"column":null}},"61":{"start":{"line":188,"column":20},"end":{"line":188,"column":null}},"62":{"start":{"line":192,"column":16},"end":{"line":192,"column":null}},"63":{"start":{"line":194,"column":16},"end":{"line":194,"column":null}},"64":{"start":{"line":195,"column":16},"end":{"line":195,"column":null}},"65":{"start":{"line":196,"column":16},"end":{"line":196,"column":null}},"66":{"start":{"line":199,"column":12},"end":{"line":199,"column":null}},"67":{"start":{"line":200,"column":12},"end":{"line":200,"column":null}},"68":{"start":{"line":202,"column":12},"end":{"line":202,"column":null}},"69":{"start":{"line":206,"column":30},"end":{"line":231,"column":null}},"70":{"start":{"line":207,"column":8},"end":{"line":214,"column":null}},"71":{"start":{"line":208,"column":12},"end":{"line":208,"column":null}},"72":{"start":{"line":209,"column":12},"end":{"line":209,"column":null}},"73":{"start":{"line":209,"column":44},"end":{"line":209,"column":null}},"74":{"start":{"line":210,"column":12},"end":{"line":210,"column":null}},"75":{"start":{"line":211,"column":12},"end":{"line":211,"column":null}},"76":{"start":{"line":212,"column":12},"end":{"line":212,"column":null}},"77":{"start":{"line":213,"column":12},"end":{"line":213,"column":null}},"78":{"start":{"line":217,"column":8},"end":{"line":230,"column":null}},"79":{"start":{"line":218,"column":12},"end":{"line":218,"column":null}},"80":{"start":{"line":221,"column":12},"end":{"line":221,"column":null}},"81":{"start":{"line":222,"column":12},"end":{"line":222,"column":null}},"82":{"start":{"line":225,"column":12},"end":{"line":225,"column":null}},"83":{"start":{"line":228,"column":12},"end":{"line":228,"column":null}},"84":{"start":{"line":229,"column":12},"end":{"line":229,"column":null}},"85":{"start":{"line":233,"column":22},"end":{"line":294,"column":null}},"86":{"start":{"line":234,"column":8},"end":{"line":234,"column":null}},"87":{"start":{"line":234,"column":26},"end":{"line":234,"column":null}},"88":{"start":{"line":236,"column":8},"end":{"line":236,"column":null}},"89":{"start":{"line":237,"column":8},"end":{"line":237,"column":null}},"90":{"start":{"line":237,"column":40},"end":{"line":237,"column":null}},"91":{"start":{"line":239,"column":8},"end":{"line":239,"column":null}},"92":{"start":{"line":240,"column":8},"end":{"line":240,"column":null}},"93":{"start":{"line":241,"column":8},"end":{"line":241,"column":null}},"94":{"start":{"line":243,"column":8},"end":{"line":293,"column":null}},"95":{"start":{"line":245,"column":27},"end":{"line":245,"column":null}},"96":{"start":{"line":246,"column":27},"end":{"line":246,"column":null}},"97":{"start":{"line":247,"column":29},"end":{"line":247,"column":null}},"98":{"start":{"line":249,"column":12},"end":{"line":249,"column":null}},"99":{"start":{"line":251,"column":26},"end":{"line":251,"column":null}},"100":{"start":{"line":252,"column":31},"end":{"line":252,"column":null}},"101":{"start":{"line":254,"column":12},"end":{"line":280,"column":null}},"102":{"start":{"line":255,"column":36},"end":{"line":258,"column":null}},"103":{"start":{"line":256,"column":35},"end":{"line":256,"column":null}},"104":{"start":{"line":257,"column":20},"end":{"line":257,"column":null}},"105":{"start":{"line":260,"column":16},"end":{"line":260,"column":null}},"106":{"start":{"line":261,"column":39},"end":{"line":261,"column":null}},"107":{"start":{"line":263,"column":16},"end":{"line":279,"column":null}},"108":{"start":{"line":264,"column":26},"end":{"line":264,"column":null}},"109":{"start":{"line":265,"column":32},"end":{"line":265,"column":null}},"110":{"start":{"line":266,"column":35},"end":{"line":266,"column":null}},"111":{"start":{"line":267,"column":20},"end":{"line":273,"column":null}},"112":{"start":{"line":267,"column":33},"end":{"line":267,"column":36}},"113":{"start":{"line":268,"column":24},"end":{"line":268,"column":null}},"114":{"start":{"line":269,"column":24},"end":{"line":272,"column":null}},"115":{"start":{"line":270,"column":28},"end":{"line":270,"column":null}},"116":{"start":{"line":271,"column":28},"end":{"line":271,"column":null}},"117":{"start":{"line":274,"column":20},"end":{"line":278,"column":null}},"118":{"start":{"line":275,"column":24},"end":{"line":275,"column":null}},"119":{"start":{"line":276,"column":20},"end":{"line":278,"column":null}},"120":{"start":{"line":277,"column":24},"end":{"line":277,"column":null}},"121":{"start":{"line":277,"column":56},"end":{"line":277,"column":null}},"122":{"start":{"line":282,"column":12},"end":{"line":288,"column":null}},"123":{"start":{"line":283,"column":16},"end":{"line":283,"column":null}},"124":{"start":{"line":284,"column":16},"end":{"line":284,"column":null}},"125":{"start":{"line":285,"column":16},"end":{"line":285,"column":null}},"126":{"start":{"line":286,"column":16},"end":{"line":286,"column":null}},"127":{"start":{"line":287,"column":16},"end":{"line":287,"column":null}},"128":{"start":{"line":287,"column":48},"end":{"line":287,"column":null}},"129":{"start":{"line":290,"column":12},"end":{"line":290,"column":null}},"130":{"start":{"line":291,"column":12},"end":{"line":291,"column":null}},"131":{"start":{"line":292,"column":12},"end":{"line":292,"column":null}},"132":{"start":{"line":297,"column":10},"end":{"line":297,"column":null}},"133":{"start":{"line":300,"column":10},"end":{"line":302,"column":null}},"134":{"start":{"line":301,"column":16},"end":{"line":301,"column":null}},"135":{"start":{"line":301,"column":41},"end":{"line":301,"column":57}},"136":{"start":{"line":305,"column":48},"end":{"line":305,"column":null}},"137":{"start":{"line":306,"column":10},"end":{"line":306,"column":null}},"138":{"start":{"line":308,"column":27},"end":{"line":397,"column":null}},"139":{"start":{"line":310,"column":32},"end":{"line":310,"column":null}},"140":{"start":{"line":311,"column":28},"end":{"line":311,"column":null}},"141":{"start":{"line":313,"column":8},"end":{"line":395,"column":null}},"142":{"start":{"line":317,"column":35},"end":{"line":317,"column":null}},"143":{"start":{"line":331,"column":53},"end":{"line":331,"column":null}},"144":{"start":{"line":345,"column":24},"end":{"line":360,"column":null}},"145":{"start":{"line":368,"column":43},"end":{"line":368,"column":null}},"146":{"start":{"line":380,"column":43},"end":{"line":380,"column":null}},"147":{"start":{"line":399,"column":28},"end":{"line":446,"column":null}},"148":{"start":{"line":400,"column":8},"end":{"line":446,"column":null}},"149":{"start":{"line":403,"column":35},"end":{"line":403,"column":null}},"150":{"start":{"line":414,"column":20},"end":{"line":434,"column":null}},"151":{"start":{"line":419,"column":51},"end":{"line":419,"column":null}},"152":{"start":{"line":440,"column":35},"end":{"line":440,"column":null}},"153":{"start":{"line":449,"column":4},"end":{"line":637,"column":null}},"154":{"start":{"line":459,"column":35},"end":{"line":459,"column":null}},"155":{"start":{"line":489,"column":40},"end":{"line":489,"column":null}},"156":{"start":{"line":511,"column":36},"end":{"line":522,"column":null}},"157":{"start":{"line":539,"column":40},"end":{"line":544,"column":null}},"158":{"start":{"line":543,"column":60},"end":{"line":543,"column":null}},"159":{"start":{"line":597,"column":36},"end":{"line":614,"column":null}},"160":{"start":{"line":599,"column":57},"end":{"line":599,"column":81}},"161":{"start":{"line":599,"column":81},"end":{"line":599,"column":105}},"162":{"start":{"line":642,"column":36},"end":{"line":648,"column":null}},"163":{"start":{"line":643,"column":4},"end":{"line":646,"column":null}}},"fnMap":{"0":{"name":"(anonymous_0)","decl":{"start":{"line":26,"column":52},"end":{"line":26,"column":53}},"loc":{"start":{"line":26,"column":90},"end":{"line":57,"column":null}},"line":26},"1":{"name":"(anonymous_1)","decl":{"start":{"line":27,"column":43},"end":{"line":27,"column":50}},"loc":{"start":{"line":27,"column":50},"end":{"line":33,"column":8}},"line":27},"2":{"name":"(anonymous_2)","decl":{"start":{"line":30,"column":17},"end":{"line":30,"column":18}},"loc":{"start":{"line":30,"column":31},"end":{"line":32,"column":null}},"line":30},"3":{"name":"(anonymous_3)","decl":{"start":{"line":49,"column":29},"end":{"line":49,"column":30}},"loc":{"start":{"line":49,"column":36},"end":{"line":49,"column":null}},"line":49},"4":{"name":"(anonymous_4)","decl":{"start":{"line":60,"column":43},"end":{"line":60,"column":49}},"loc":{"start":{"line":60,"column":49},"end":{"line":639,"column":null}},"line":60},"5":{"name":"(anonymous_5)","decl":{"start":{"line":92,"column":44},"end":{"line":92,"column":49}},"loc":{"start":{"line":92,"column":49},"end":{"line":92,"column":55}},"line":92},"6":{"name":"(anonymous_6)","decl":{"start":{"line":102,"column":14},"end":{"line":102,"column":20}},"loc":{"start":{"line":102,"column":20},"end":{"line":107,"column":7}},"line":102},"7":{"name":"(anonymous_7)","decl":{"start":{"line":103,"column":15},"end":{"line":103,"column":21}},"loc":{"start":{"line":103,"column":21},"end":{"line":106,"column":null}},"line":103},"8":{"name":"(anonymous_8)","decl":{"start":{"line":109,"column":31},"end":{"line":109,"column":32}},"loc":{"start":{"line":109,"column":51},"end":{"line":111,"column":null}},"line":109},"9":{"name":"(anonymous_9)","decl":{"start":{"line":110,"column":25},"end":{"line":110,"column":33}},"loc":{"start":{"line":110,"column":33},"end":{"line":110,"column":66}},"line":110},"10":{"name":"(anonymous_10)","decl":{"start":{"line":110,"column":45},"end":{"line":110,"column":50}},"loc":{"start":{"line":110,"column":50},"end":{"line":110,"column":65}},"line":110},"11":{"name":"(anonymous_11)","decl":{"start":{"line":114,"column":26},"end":{"line":114,"column":27}},"loc":{"start":{"line":114,"column":49},"end":{"line":122,"column":null}},"line":114},"12":{"name":"(anonymous_12)","decl":{"start":{"line":115,"column":25},"end":{"line":115,"column":33}},"loc":{"start":{"line":115,"column":33},"end":{"line":121,"column":9}},"line":115},"13":{"name":"(anonymous_13)","decl":{"start":{"line":116,"column":37},"end":{"line":116,"column":42}},"loc":{"start":{"line":116,"column":42},"end":{"line":116,"column":58}},"line":116},"14":{"name":"(anonymous_14)","decl":{"start":{"line":125,"column":39},"end":{"line":125,"column":46}},"loc":{"start":{"line":125,"column":46},"end":{"line":133,"column":8}},"line":125},"15":{"name":"(anonymous_15)","decl":{"start":{"line":127,"column":14},"end":{"line":127,"column":15}},"loc":{"start":{"line":127,"column":37},"end":{"line":129,"column":null}},"line":127},"16":{"name":"(anonymous_16)","decl":{"start":{"line":130,"column":17},"end":{"line":130,"column":18}},"loc":{"start":{"line":130,"column":31},"end":{"line":132,"column":null}},"line":130},"17":{"name":"(anonymous_17)","decl":{"start":{"line":136,"column":34},"end":{"line":136,"column":35}},"loc":{"start":{"line":136,"column":80},"end":{"line":156,"column":null}},"line":136},"18":{"name":"(anonymous_18)","decl":{"start":{"line":142,"column":27},"end":{"line":142,"column":28}},"loc":{"start":{"line":143,"column":20},"end":{"line":152,"column":null}},"line":143},"19":{"name":"(anonymous_19)","decl":{"start":{"line":158,"column":30},"end":{"line":158,"column":42}},"loc":{"start":{"line":158,"column":42},"end":{"line":204,"column":null}},"line":158},"20":{"name":"(anonymous_20)","decl":{"start":{"line":171,"column":56},"end":{"line":171,"column":64}},"loc":{"start":{"line":171,"column":64},"end":{"line":171,"column":73}},"line":171},"21":{"name":"(anonymous_21)","decl":{"start":{"line":187,"column":38},"end":{"line":187,"column":46}},"loc":{"start":{"line":187,"column":46},"end":{"line":189,"column":17}},"line":187},"22":{"name":"(anonymous_22)","decl":{"start":{"line":206,"column":30},"end":{"line":206,"column":37}},"loc":{"start":{"line":206,"column":113},"end":{"line":231,"column":null}},"line":206},"23":{"name":"(anonymous_23)","decl":{"start":{"line":233,"column":22},"end":{"line":233,"column":29}},"loc":{"start":{"line":233,"column":86},"end":{"line":294,"column":null}},"line":233},"24":{"name":"(anonymous_24)","decl":{"start":{"line":255,"column":46},"end":{"line":255,"column":51}},"loc":{"start":{"line":255,"column":51},"end":{"line":258,"column":17}},"line":255},"25":{"name":"(anonymous_25)","decl":{"start":{"line":263,"column":57},"end":{"line":263,"column":63}},"loc":{"start":{"line":263,"column":63},"end":{"line":279,"column":19}},"line":263},"26":{"name":"(anonymous_26)","decl":{"start":{"line":282,"column":29},"end":{"line":282,"column":35}},"loc":{"start":{"line":282,"column":35},"end":{"line":288,"column":null}},"line":282},"27":{"name":"(anonymous_27)","decl":{"start":{"line":301,"column":8},"end":{"line":301,"column":16}},"loc":{"start":{"line":301,"column":16},"end":{"line":301,"column":null}},"line":301},"28":{"name":"(anonymous_28)","decl":{"start":{"line":301,"column":36},"end":{"line":301,"column":41}},"loc":{"start":{"line":301,"column":41},"end":{"line":301,"column":57}},"line":301},"29":{"name":"(anonymous_29)","decl":{"start":{"line":308,"column":27},"end":{"line":308,"column":33}},"loc":{"start":{"line":308,"column":33},"end":{"line":397,"column":null}},"line":308},"30":{"name":"(anonymous_30)","decl":{"start":{"line":317,"column":29},"end":{"line":317,"column":35}},"loc":{"start":{"line":317,"column":35},"end":{"line":317,"column":null}},"line":317},"31":{"name":"(anonymous_31)","decl":{"start":{"line":331,"column":28},"end":{"line":331,"column":29}},"loc":{"start":{"line":331,"column":53},"end":{"line":331,"column":null}},"line":331},"32":{"name":"(anonymous_32)","decl":{"start":{"line":344,"column":45},"end":{"line":344,"column":46}},"loc":{"start":{"line":345,"column":24},"end":{"line":360,"column":null}},"line":345},"33":{"name":"(anonymous_33)","decl":{"start":{"line":368,"column":37},"end":{"line":368,"column":43}},"loc":{"start":{"line":368,"column":43},"end":{"line":368,"column":null}},"line":368},"34":{"name":"(anonymous_34)","decl":{"start":{"line":380,"column":37},"end":{"line":380,"column":43}},"loc":{"start":{"line":380,"column":43},"end":{"line":380,"column":null}},"line":380},"35":{"name":"(anonymous_35)","decl":{"start":{"line":399,"column":28},"end":{"line":399,"column":null}},"loc":{"start":{"line":400,"column":8},"end":{"line":446,"column":null}},"line":400},"36":{"name":"(anonymous_36)","decl":{"start":{"line":403,"column":29},"end":{"line":403,"column":35}},"loc":{"start":{"line":403,"column":35},"end":{"line":403,"column":null}},"line":403},"37":{"name":"(anonymous_37)","decl":{"start":{"line":413,"column":41},"end":{"line":413,"column":42}},"loc":{"start":{"line":414,"column":20},"end":{"line":434,"column":null}},"line":414},"38":{"name":"(anonymous_38)","decl":{"start":{"line":419,"column":45},"end":{"line":419,"column":51}},"loc":{"start":{"line":419,"column":51},"end":{"line":419,"column":null}},"line":419},"39":{"name":"(anonymous_39)","decl":{"start":{"line":440,"column":29},"end":{"line":440,"column":35}},"loc":{"start":{"line":440,"column":35},"end":{"line":440,"column":null}},"line":440},"40":{"name":"(anonymous_40)","decl":{"start":{"line":459,"column":29},"end":{"line":459,"column":35}},"loc":{"start":{"line":459,"column":35},"end":{"line":459,"column":null}},"line":459},"41":{"name":"(anonymous_41)","decl":{"start":{"line":488,"column":56},"end":{"line":488,"column":null}},"loc":{"start":{"line":489,"column":40},"end":{"line":489,"column":null}},"line":489},"42":{"name":"(anonymous_42)","decl":{"start":{"line":510,"column":52},"end":{"line":510,"column":53}},"loc":{"start":{"line":511,"column":36},"end":{"line":522,"column":null}},"line":511},"43":{"name":"(anonymous_43)","decl":{"start":{"line":538,"column":54},"end":{"line":538,"column":null}},"loc":{"start":{"line":539,"column":40},"end":{"line":544,"column":null}},"line":539},"44":{"name":"(anonymous_44)","decl":{"start":{"line":543,"column":54},"end":{"line":543,"column":60}},"loc":{"start":{"line":543,"column":60},"end":{"line":543,"column":null}},"line":543},"45":{"name":"(anonymous_45)","decl":{"start":{"line":596,"column":44},"end":{"line":596,"column":null}},"loc":{"start":{"line":597,"column":36},"end":{"line":614,"column":null}},"line":597},"46":{"name":"(anonymous_46)","decl":{"start":{"line":599,"column":49},"end":{"line":599,"column":55}},"loc":{"start":{"line":599,"column":55},"end":{"line":599,"column":null}},"line":599},"47":{"name":"(anonymous_47)","decl":{"start":{"line":642,"column":36},"end":{"line":642,"column":42}},"loc":{"start":{"line":642,"column":42},"end":{"line":648,"column":null}},"line":642}},"branchMap":{"0":{"loc":{"start":{"line":41,"column":18},"end":{"line":41,"column":100}},"type":"cond-expr","locations":[{"start":{"line":41,"column":31},"end":{"line":41,"column":55}},{"start":{"line":41,"column":55},"end":{"line":41,"column":100}}],"line":41},"1":{"loc":{"start":{"line":42,"column":18},"end":{"line":42,"column":86}},"type":"cond-expr","locations":[{"start":{"line":42,"column":33},"end":{"line":42,"column":68}},{"start":{"line":42,"column":68},"end":{"line":42,"column":86}}],"line":42},"2":{"loc":{"start":{"line":47,"column":13},"end":{"line":53,"column":null}},"type":"binary-expr","locations":[{"start":{"line":47,"column":13},"end":{"line":47,"column":29}},{"start":{"line":47,"column":29},"end":{"line":47,"column":null}},{"start":{"line":48,"column":16},"end":{"line":53,"column":null}}],"line":47},"3":{"loc":{"start":{"line":91,"column":25},"end":{"line":91,"column":123}},"type":"cond-expr","locations":[{"start":{"line":91,"column":50},"end":{"line":91,"column":107}},{"start":{"line":91,"column":107},"end":{"line":91,"column":123}}],"line":91},"4":{"loc":{"start":{"line":91,"column":71},"end":{"line":91,"column":107}},"type":"binary-expr","locations":[{"start":{"line":91,"column":71},"end":{"line":91,"column":94}},{"start":{"line":91,"column":94},"end":{"line":91,"column":107}}],"line":91},"5":{"loc":{"start":{"line":92,"column":26},"end":{"line":92,"column":78}},"type":"binary-expr","locations":[{"start":{"line":92,"column":26},"end":{"line":92,"column":71}},{"start":{"line":92,"column":71},"end":{"line":92,"column":78}}],"line":92},"6":{"loc":{"start":{"line":105,"column":12},"end":{"line":105,"column":null}},"type":"if","locations":[{"start":{"line":105,"column":12},"end":{"line":105,"column":null}},{"start":{},"end":{}}],"line":105},"7":{"loc":{"start":{"line":117,"column":12},"end":{"line":119,"column":null}},"type":"if","locations":[{"start":{"line":117,"column":12},"end":{"line":119,"column":null}},{"start":{},"end":{}}],"line":117},"8":{"loc":{"start":{"line":138,"column":29},"end":{"line":138,"column":null}},"type":"binary-expr","locations":[{"start":{"line":138,"column":29},"end":{"line":138,"column":42}},{"start":{"line":138,"column":42},"end":{"line":138,"column":null}}],"line":138},"9":{"loc":{"start":{"line":145,"column":86},"end":{"line":147,"column":null}},"type":"cond-expr","locations":[{"start":{"line":146,"column":30},"end":{"line":146,"column":null}},{"start":{"line":147,"column":30},"end":{"line":147,"column":null}}],"line":145},"10":{"loc":{"start":{"line":145,"column":86},"end":{"line":145,"column":null}},"type":"binary-expr","locations":[{"start":{"line":145,"column":86},"end":{"line":145,"column":102}},{"start":{"line":145,"column":102},"end":{"line":145,"column":null}}],"line":145},"11":{"loc":{"start":{"line":148,"column":32},"end":{"line":148,"column":null}},"type":"cond-expr","locations":[{"start":{"line":148,"column":70},"end":{"line":148,"column":100}},{"start":{"line":148,"column":100},"end":{"line":148,"column":null}}],"line":148},"12":{"loc":{"start":{"line":148,"column":32},"end":{"line":148,"column":70}},"type":"binary-expr","locations":[{"start":{"line":148,"column":32},"end":{"line":148,"column":48}},{"start":{"line":148,"column":48},"end":{"line":148,"column":70}}],"line":148},"13":{"loc":{"start":{"line":159,"column":8},"end":{"line":159,"column":null}},"type":"if","locations":[{"start":{"line":159,"column":8},"end":{"line":159,"column":null}},{"start":{},"end":{}}],"line":159},"14":{"loc":{"start":{"line":159,"column":12},"end":{"line":159,"column":32}},"type":"binary-expr","locations":[{"start":{"line":159,"column":12},"end":{"line":159,"column":24}},{"start":{"line":159,"column":24},"end":{"line":159,"column":32}}],"line":159},"15":{"loc":{"start":{"line":160,"column":8},"end":{"line":163,"column":null}},"type":"if","locations":[{"start":{"line":160,"column":8},"end":{"line":163,"column":null}},{"start":{},"end":{}}],"line":160},"16":{"loc":{"start":{"line":168,"column":29},"end":{"line":168,"column":null}},"type":"binary-expr","locations":[{"start":{"line":168,"column":29},"end":{"line":168,"column":53}},{"start":{"line":168,"column":53},"end":{"line":168,"column":null}}],"line":168},"17":{"loc":{"start":{"line":178,"column":16},"end":{"line":178,"column":null}},"type":"binary-expr","locations":[{"start":{"line":178,"column":16},"end":{"line":178,"column":44}},{"start":{"line":178,"column":44},"end":{"line":178,"column":null}}],"line":178},"18":{"loc":{"start":{"line":180,"column":32},"end":{"line":180,"column":null}},"type":"binary-expr","locations":[{"start":{"line":180,"column":32},"end":{"line":180,"column":54}},{"start":{"line":180,"column":54},"end":{"line":180,"column":null}}],"line":180},"19":{"loc":{"start":{"line":185,"column":12},"end":{"line":197,"column":null}},"type":"if","locations":[{"start":{"line":185,"column":12},"end":{"line":197,"column":null}},{"start":{},"end":{}}],"line":185},"20":{"loc":{"start":{"line":207,"column":8},"end":{"line":214,"column":null}},"type":"if","locations":[{"start":{"line":207,"column":8},"end":{"line":214,"column":null}},{"start":{},"end":{}}],"line":207},"21":{"loc":{"start":{"line":207,"column":12},"end":{"line":207,"column":58}},"type":"binary-expr","locations":[{"start":{"line":207,"column":12},"end":{"line":207,"column":25}},{"start":{"line":207,"column":25},"end":{"line":207,"column":58}}],"line":207},"22":{"loc":{"start":{"line":209,"column":12},"end":{"line":209,"column":null}},"type":"if","locations":[{"start":{"line":209,"column":12},"end":{"line":209,"column":null}},{"start":{},"end":{}}],"line":209},"23":{"loc":{"start":{"line":217,"column":8},"end":{"line":230,"column":null}},"type":"if","locations":[{"start":{"line":217,"column":8},"end":{"line":230,"column":null}},{"start":{"line":219,"column":15},"end":{"line":230,"column":null}}],"line":217},"24":{"loc":{"start":{"line":234,"column":8},"end":{"line":234,"column":null}},"type":"if","locations":[{"start":{"line":234,"column":8},"end":{"line":234,"column":null}},{"start":{},"end":{}}],"line":234},"25":{"loc":{"start":{"line":237,"column":8},"end":{"line":237,"column":null}},"type":"if","locations":[{"start":{"line":237,"column":8},"end":{"line":237,"column":null}},{"start":{},"end":{}}],"line":237},"26":{"loc":{"start":{"line":254,"column":12},"end":{"line":280,"column":null}},"type":"if","locations":[{"start":{"line":254,"column":12},"end":{"line":280,"column":null}},{"start":{},"end":{}}],"line":254},"27":{"loc":{"start":{"line":254,"column":16},"end":{"line":254,"column":68}},"type":"binary-expr","locations":[{"start":{"line":254,"column":16},"end":{"line":254,"column":36}},{"start":{"line":254,"column":36},"end":{"line":254,"column":52}},{"start":{"line":254,"column":52},"end":{"line":254,"column":68}}],"line":254},"28":{"loc":{"start":{"line":269,"column":24},"end":{"line":272,"column":null}},"type":"if","locations":[{"start":{"line":269,"column":24},"end":{"line":272,"column":null}},{"start":{},"end":{}}],"line":269},"29":{"loc":{"start":{"line":274,"column":20},"end":{"line":278,"column":null}},"type":"if","locations":[{"start":{"line":274,"column":20},"end":{"line":278,"column":null}},{"start":{"line":276,"column":20},"end":{"line":278,"column":null}}],"line":274},"30":{"loc":{"start":{"line":276,"column":20},"end":{"line":278,"column":null}},"type":"if","locations":[{"start":{"line":276,"column":20},"end":{"line":278,"column":null}},{"start":{},"end":{}}],"line":276},"31":{"loc":{"start":{"line":277,"column":24},"end":{"line":277,"column":null}},"type":"if","locations":[{"start":{"line":277,"column":24},"end":{"line":277,"column":null}},{"start":{},"end":{}}],"line":277},"32":{"loc":{"start":{"line":287,"column":16},"end":{"line":287,"column":null}},"type":"if","locations":[{"start":{"line":287,"column":16},"end":{"line":287,"column":null}},{"start":{},"end":{}}],"line":287},"33":{"loc":{"start":{"line":297,"column":20},"end":{"line":297,"column":55}},"type":"binary-expr","locations":[{"start":{"line":297,"column":20},"end":{"line":297,"column":49}},{"start":{"line":297,"column":49},"end":{"line":297,"column":55}}],"line":297},"34":{"loc":{"start":{"line":300,"column":28},"end":{"line":300,"column":45}},"type":"binary-expr","locations":[{"start":{"line":300,"column":28},"end":{"line":300,"column":41}},{"start":{"line":300,"column":41},"end":{"line":300,"column":45}}],"line":300},"35":{"loc":{"start":{"line":377,"column":17},"end":{"line":393,"column":null}},"type":"binary-expr","locations":[{"start":{"line":377,"column":17},"end":{"line":377,"column":null}},{"start":{"line":378,"column":20},"end":{"line":393,"column":null}}],"line":377},"36":{"loc":{"start":{"line":383,"column":34},"end":{"line":385,"column":167}},"type":"cond-expr","locations":[{"start":{"line":384,"column":38},"end":{"line":384,"column":null}},{"start":{"line":385,"column":38},"end":{"line":385,"column":167}}],"line":383},"37":{"loc":{"start":{"line":383,"column":34},"end":{"line":383,"column":null}},"type":"binary-expr","locations":[{"start":{"line":383,"column":34},"end":{"line":383,"column":47}},{"start":{"line":383,"column":47},"end":{"line":383,"column":null}}],"line":383},"38":{"loc":{"start":{"line":388,"column":29},"end":{"line":390,"column":null}},"type":"cond-expr","locations":[{"start":{"line":389,"column":34},"end":{"line":389,"column":null}},{"start":{"line":390,"column":34},"end":{"line":390,"column":null}}],"line":388},"39":{"loc":{"start":{"line":388,"column":29},"end":{"line":388,"column":null}},"type":"binary-expr","locations":[{"start":{"line":388,"column":29},"end":{"line":388,"column":42}},{"start":{"line":388,"column":42},"end":{"line":388,"column":null}}],"line":388},"40":{"loc":{"start":{"line":417,"column":29},"end":{"line":423,"column":null}},"type":"binary-expr","locations":[{"start":{"line":417,"column":29},"end":{"line":417,"column":null}},{"start":{"line":418,"column":32},"end":{"line":423,"column":null}}],"line":417},"41":{"loc":{"start":{"line":422,"column":37},"end":{"line":422,"column":null}},"type":"cond-expr","locations":[{"start":{"line":422,"column":90},"end":{"line":422,"column":97}},{"start":{"line":422,"column":97},"end":{"line":422,"column":null}}],"line":422},"42":{"loc":{"start":{"line":422,"column":37},"end":{"line":422,"column":90}},"type":"binary-expr","locations":[{"start":{"line":422,"column":37},"end":{"line":422,"column":50}},{"start":{"line":422,"column":50},"end":{"line":422,"column":90}}],"line":422},"43":{"loc":{"start":{"line":465,"column":21},"end":{"line":465,"column":null}},"type":"cond-expr","locations":[{"start":{"line":465,"column":46},"end":{"line":465,"column":78}},{"start":{"line":465,"column":78},"end":{"line":465,"column":null}}],"line":465},"44":{"loc":{"start":{"line":471,"column":13},"end":{"line":623,"column":null}},"type":"binary-expr","locations":[{"start":{"line":471,"column":13},"end":{"line":471,"column":null}},{"start":{"line":472,"column":16},"end":{"line":623,"column":null}}],"line":471},"45":{"loc":{"start":{"line":481,"column":29},"end":{"line":491,"column":null}},"type":"cond-expr","locations":[{"start":{"line":482,"column":32},"end":{"line":485,"column":null}},{"start":{"line":487,"column":32},"end":{"line":491,"column":null}}],"line":481},"46":{"loc":{"start":{"line":505,"column":34},"end":{"line":505,"column":114}},"type":"cond-expr","locations":[{"start":{"line":505,"column":43},"end":{"line":505,"column":112}},{"start":{"line":505,"column":112},"end":{"line":505,"column":114}}],"line":505},"47":{"loc":{"start":{"line":532,"column":33},"end":{"line":545,"column":null}},"type":"cond-expr","locations":[{"start":{"line":533,"column":36},"end":{"line":536,"column":null}},{"start":{"line":538,"column":36},"end":{"line":545,"column":null}}],"line":532},"48":{"loc":{"start":{"line":552,"column":42},"end":{"line":552,"column":null}},"type":"binary-expr","locations":[{"start":{"line":552,"column":42},"end":{"line":552,"column":58}},{"start":{"line":552,"column":58},"end":{"line":552,"column":null}}],"line":552},"49":{"loc":{"start":{"line":555,"column":38},"end":{"line":557,"column":164}},"type":"cond-expr","locations":[{"start":{"line":556,"column":42},"end":{"line":556,"column":null}},{"start":{"line":557,"column":42},"end":{"line":557,"column":164}}],"line":555},"50":{"loc":{"start":{"line":555,"column":38},"end":{"line":555,"column":null}},"type":"binary-expr","locations":[{"start":{"line":555,"column":38},"end":{"line":555,"column":54}},{"start":{"line":555,"column":54},"end":{"line":555,"column":null}}],"line":555},"51":{"loc":{"start":{"line":560,"column":33},"end":{"line":563,"column":null}},"type":"cond-expr","locations":[{"start":{"line":561,"column":36},"end":{"line":561,"column":null}},{"start":{"line":563,"column":36},"end":{"line":563,"column":null}}],"line":560},"52":{"loc":{"start":{"line":567,"column":29},"end":{"line":570,"column":null}},"type":"binary-expr","locations":[{"start":{"line":567,"column":29},"end":{"line":567,"column":57}},{"start":{"line":567,"column":57},"end":{"line":567,"column":null}},{"start":{"line":568,"column":32},"end":{"line":570,"column":null}}],"line":567},"53":{"loc":{"start":{"line":569,"column":64},"end":{"line":569,"column":100}},"type":"cond-expr","locations":[{"start":{"line":569,"column":91},"end":{"line":569,"column":97}},{"start":{"line":569,"column":97},"end":{"line":569,"column":100}}],"line":569},"54":{"loc":{"start":{"line":595,"column":29},"end":{"line":619,"column":null}},"type":"cond-expr","locations":[{"start":{"line":596,"column":32},"end":{"line":615,"column":null}},{"start":{"line":617,"column":32},"end":{"line":619,"column":null}}],"line":595},"55":{"loc":{"start":{"line":595,"column":29},"end":{"line":595,"column":null}},"type":"binary-expr","locations":[{"start":{"line":595,"column":29},"end":{"line":595,"column":40}},{"start":{"line":595,"column":40},"end":{"line":595,"column":null}}],"line":595},"56":{"loc":{"start":{"line":604,"column":49},"end":{"line":607,"column":null}},"type":"cond-expr","locations":[{"start":{"line":605,"column":52},"end":{"line":605,"column":null}},{"start":{"line":607,"column":52},"end":{"line":607,"column":null}}],"line":604},"57":{"loc":{"start":{"line":627,"column":13},"end":{"line":628,"column":null}},"type":"binary-expr","locations":[{"start":{"line":627,"column":13},"end":{"line":627,"column":39}},{"start":{"line":627,"column":39},"end":{"line":627,"column":null}},{"start":{"line":628,"column":16},"end":{"line":628,"column":null}}],"line":627},"58":{"loc":{"start":{"line":628,"column":16},"end":{"line":628,"column":null}},"type":"cond-expr","locations":[{"start":{"line":628,"column":25},"end":{"line":628,"column":45}},{"start":{"line":628,"column":45},"end":{"line":628,"column":null}}],"line":628}},"s":{"0":1,"1":1,"2":28,"3":0,"4":0,"5":28,"6":0,"7":0,"8":1,"9":16,"10":16,"11":16,"12":16,"13":16,"14":16,"15":16,"16":16,"17":16,"18":16,"19":16,"20":0,"21":16,"22":16,"23":16,"24":16,"25":0,"26":16,"27":0,"28":0,"29":0,"30":16,"31":0,"32":0,"33":0,"34":0,"35":0,"36":0,"37":16,"38":0,"39":0,"40":0,"41":16,"42":0,"43":0,"44":0,"45":0,"46":16,"47":0,"48":0,"49":0,"50":0,"51":0,"52":0,"53":0,"54":0,"55":0,"56":0,"57":0,"58":0,"59":0,"60":0,"61":0,"62":0,"63":0,"64":0,"65":0,"66":0,"67":0,"68":0,"69":16,"70":0,"71":0,"72":0,"73":0,"74":0,"75":0,"76":0,"77":0,"78":0,"79":0,"80":0,"81":0,"82":0,"83":0,"84":0,"85":16,"86":0,"87":0,"88":0,"89":0,"90":0,"91":0,"92":0,"93":0,"94":0,"95":0,"96":0,"97":0,"98":0,"99":0,"100":0,"101":0,"102":0,"103":0,"104":0,"105":0,"106":0,"107":0,"108":0,"109":0,"110":0,"111":0,"112":0,"113":0,"114":0,"115":0,"116":0,"117":0,"118":0,"119":0,"120":0,"121":0,"122":0,"123":0,"124":0,"125":0,"126":0,"127":0,"128":0,"129":0,"130":0,"131":0,"132":16,"133":16,"134":28,"135":0,"136":16,"137":16,"138":16,"139":0,"140":0,"141":0,"142":0,"143":0,"144":0,"145":0,"146":0,"147":16,"148":0,"149":0,"150":0,"151":0,"152":0,"153":16,"154":1,"155":28,"156":320,"157":0,"158":0,"159":1,"160":0,"161":0,"162":1,"163":16},"f":{"0":28,"1":0,"2":0,"3":0,"4":16,"5":0,"6":16,"7":16,"8":0,"9":0,"10":0,"11":0,"12":0,"13":0,"14":0,"15":0,"16":0,"17":0,"18":0,"19":0,"20":0,"21":0,"22":0,"23":0,"24":0,"25":0,"26":0,"27":28,"28":0,"29":0,"30":0,"31":0,"32":0,"33":0,"34":0,"35":0,"36":0,"37":0,"38":0,"39":0,"40":1,"41":28,"42":320,"43":0,"44":0,"45":1,"46":0,"47":16},"b":{"0":[0,28],"1":[0,28],"2":[28,0,0],"3":[0,16],"4":[0,0],"5":[16,16],"6":[0,16],"7":[0,0],"8":[0,0],"9":[0,0],"10":[0,0],"11":[0,0],"12":[0,0],"13":[0,0],"14":[0,0],"15":[0,0],"16":[0,0],"17":[0,0],"18":[0,0],"19":[0,0],"20":[0,0],"21":[0,0],"22":[0,0],"23":[0,0],"24":[0,0],"25":[0,0],"26":[0,0],"27":[0,0,0],"28":[0,0],"29":[0,0],"30":[0,0],"31":[0,0],"32":[0,0],"33":[16,0],"34":[16,0],"35":[0,0],"36":[0,0],"37":[0,0],"38":[0,0],"39":[0,0],"40":[0,0],"41":[0,0],"42":[0,0],"43":[16,0],"44":[16,16],"45":[2,14],"46":[0,16],"47":[16,0],"48":[16,16],"49":[16,0],"50":[16,16],"51":[0,16],"52":[16,0,0],"53":[0,0],"54":[1,15],"55":[16,16],"56":[1,0],"57":[16,0,0],"58":[0,0]},"meta":{"lastBranch":59,"lastFunction":48,"lastStatement":164,"seen":{"s:15:23:15:Infinity":0,"s:26:52:57:Infinity":1,"f:26:52:26:53":0,"s:27:31:33:Infinity":2,"f:27:43:27:50":1,"s:27:50:33:8":3,"f:30:17:30:18":2,"s:30:31:32:Infinity":4,"s:35:4:55:Infinity":5,"b:41:31:41:55:41:55:41:100":0,"b:42:33:42:68:42:68:42:86":1,"b:47:13:47:29:47:29:47:Infinity:48:16:53:Infinity":2,"f:49:29:49:30":3,"s:49:38:49:59":6,"s:49:59:49:71":7,"s:60:43:639:Infinity":8,"f:60:43:60:49":4,"s:69:4:69:Infinity":9,"s:71:40:71:Infinity":10,"s:72:32:72:Infinity":11,"s:73:40:73:Infinity":12,"s:76:42:76:Infinity":13,"s:79:34:79:Infinity":14,"s:80:46:80:Infinity":15,"s:81:50:81:Infinity":16,"s:83:10:83:Infinity":17,"s:84:10:84:Infinity":18,"s:87:25:92:Infinity":19,"b:91:50:91:107:91:107:91:123":3,"b:91:71:91:94:91:94:91:107":4,"b:92:26:92:71:92:71:92:78":5,"f:92:44:92:49":5,"s:92:49:92:55":20,"s:102:4:107:Infinity":21,"f:102:14:102:20":6,"s:103:8:106:Infinity":22,"f:103:15:103:21":7,"s:104:12:104:Infinity":23,"b:105:12:105:Infinity:undefined:undefined:undefined:undefined":6,"s:105:12:105:Infinity":24,"s:105:44:105:Infinity":25,"s:109:31:111:Infinity":26,"f:109:31:109:32":8,"s:110:8:110:Infinity":27,"f:110:25:110:33":9,"s:110:33:110:66":28,"f:110:45:110:50":10,"s:110:50:110:65":29,"s:114:26:122:Infinity":30,"f:114:26:114:27":11,"s:115:8:121:Infinity":31,"f:115:25:115:33":12,"s:116:27:116:Infinity":32,"f:116:37:116:42":13,"s:116:42:116:58":33,"b:117:12:119:Infinity:undefined:undefined:undefined:undefined":7,"s:117:12:119:Infinity":34,"s:118:16:118:Infinity":35,"s:120:12:120:Infinity":36,"s:125:27:133:Infinity":37,"f:125:39:125:46":14,"s:125:46:133:8":38,"f:127:14:127:15":15,"s:128:12:128:Infinity":39,"f:130:17:130:18":16,"s:130:31:132:Infinity":40,"s:136:34:156:Infinity":41,"f:136:34:136:35":17,"s:137:22:137:Infinity":42,"s:138:29:138:Infinity":43,"b:138:29:138:42:138:42:138:Infinity":8,"s:140:8:154:Infinity":44,"f:142:27:142:28":18,"s:143:20:152:Infinity":45,"b:146:30:146:Infinity:147:30:147:Infinity":9,"b:145:86:145:102:145:102:145:Infinity":10,"b:148:70:148:100:148:100:148:Infinity":11,"b:148:32:148:48:148:48:148:70":12,"s:158:30:204:Infinity":46,"f:158:30:158:42":19,"b:159:8:159:Infinity:undefined:undefined:undefined:undefined":13,"s:159:8:159:Infinity":47,"b:159:12:159:24:159:24:159:32":14,"s:159:32:159:Infinity":48,"b:160:8:163:Infinity:undefined:undefined:undefined:undefined":15,"s:160:8:163:Infinity":49,"s:161:12:161:Infinity":50,"s:162:12:162:Infinity":51,"s:165:8:165:Infinity":52,"s:166:8:203:Infinity":53,"s:167:32:167:Infinity":54,"s:168:29:168:Infinity":55,"b:168:29:168:53:168:53:168:Infinity":16,"s:171:38:171:Infinity":56,"f:171:56:171:64":20,"s:171:64:171:73":57,"s:173:29:183:Infinity":58,"b:178:16:178:44:178:44:178:Infinity":17,"b:180:32:180:54:180:54:180:Infinity":18,"b:185:12:197:Infinity:undefined:undefined:undefined:undefined":19,"s:185:12:197:Infinity":59,"s:187:16:189:Infinity":60,"f:187:38:187:46":21,"s:188:20:188:Infinity":61,"s:192:16:192:Infinity":62,"s:194:16:194:Infinity":63,"s:195:16:195:Infinity":64,"s:196:16:196:Infinity":65,"s:199:12:199:Infinity":66,"s:200:12:200:Infinity":67,"s:202:12:202:Infinity":68,"s:206:30:231:Infinity":69,"f:206:30:206:37":22,"b:207:8:214:Infinity:undefined:undefined:undefined:undefined":20,"s:207:8:214:Infinity":70,"b:207:12:207:25:207:25:207:58":21,"s:208:12:208:Infinity":71,"b:209:12:209:Infinity:undefined:undefined:undefined:undefined":22,"s:209:12:209:Infinity":72,"s:209:44:209:Infinity":73,"s:210:12:210:Infinity":74,"s:211:12:211:Infinity":75,"s:212:12:212:Infinity":76,"s:213:12:213:Infinity":77,"b:217:8:230:Infinity:219:15:230:Infinity":23,"s:217:8:230:Infinity":78,"s:218:12:218:Infinity":79,"s:221:12:221:Infinity":80,"s:222:12:222:Infinity":81,"s:225:12:225:Infinity":82,"s:228:12:228:Infinity":83,"s:229:12:229:Infinity":84,"s:233:22:294:Infinity":85,"f:233:22:233:29":23,"b:234:8:234:Infinity:undefined:undefined:undefined:undefined":24,"s:234:8:234:Infinity":86,"s:234:26:234:Infinity":87,"s:236:8:236:Infinity":88,"b:237:8:237:Infinity:undefined:undefined:undefined:undefined":25,"s:237:8:237:Infinity":89,"s:237:40:237:Infinity":90,"s:239:8:239:Infinity":91,"s:240:8:240:Infinity":92,"s:241:8:241:Infinity":93,"s:243:8:293:Infinity":94,"s:245:27:245:Infinity":95,"s:246:27:246:Infinity":96,"s:247:29:247:Infinity":97,"s:249:12:249:Infinity":98,"s:251:26:251:Infinity":99,"s:252:31:252:Infinity":100,"b:254:12:280:Infinity:undefined:undefined:undefined:undefined":26,"s:254:12:280:Infinity":101,"b:254:16:254:36:254:36:254:52:254:52:254:68":27,"s:255:36:258:Infinity":102,"f:255:46:255:51":24,"s:256:35:256:Infinity":103,"s:257:20:257:Infinity":104,"s:260:16:260:Infinity":105,"s:261:39:261:Infinity":106,"s:263:16:279:Infinity":107,"f:263:57:263:63":25,"s:264:26:264:Infinity":108,"s:265:32:265:Infinity":109,"s:266:35:266:Infinity":110,"s:267:20:273:Infinity":111,"s:267:33:267:36":112,"s:268:24:268:Infinity":113,"b:269:24:272:Infinity:undefined:undefined:undefined:undefined":28,"s:269:24:272:Infinity":114,"s:270:28:270:Infinity":115,"s:271:28:271:Infinity":116,"b:274:20:278:Infinity:276:20:278:Infinity":29,"s:274:20:278:Infinity":117,"s:275:24:275:Infinity":118,"b:276:20:278:Infinity:undefined:undefined:undefined:undefined":30,"s:276:20:278:Infinity":119,"b:277:24:277:Infinity:undefined:undefined:undefined:undefined":31,"s:277:24:277:Infinity":120,"s:277:56:277:Infinity":121,"s:282:12:288:Infinity":122,"f:282:29:282:35":26,"s:283:16:283:Infinity":123,"s:284:16:284:Infinity":124,"s:285:16:285:Infinity":125,"s:286:16:286:Infinity":126,"b:287:16:287:Infinity:undefined:undefined:undefined:undefined":32,"s:287:16:287:Infinity":127,"s:287:48:287:Infinity":128,"s:290:12:290:Infinity":129,"s:291:12:291:Infinity":130,"s:292:12:292:Infinity":131,"s:297:10:297:Infinity":132,"b:297:20:297:49:297:49:297:55":33,"s:300:10:302:Infinity":133,"b:300:28:300:41:300:41:300:45":34,"f:301:8:301:16":27,"s:301:16:301:Infinity":134,"f:301:36:301:41":28,"s:301:41:301:57":135,"s:305:48:305:Infinity":136,"s:306:10:306:Infinity":137,"s:308:27:397:Infinity":138,"f:308:27:308:33":29,"s:310:32:310:Infinity":139,"s:311:28:311:Infinity":140,"s:313:8:395:Infinity":141,"f:317:29:317:35":30,"s:317:35:317:Infinity":142,"f:331:28:331:29":31,"s:331:53:331:Infinity":143,"f:344:45:344:46":32,"s:345:24:360:Infinity":144,"f:368:37:368:43":33,"s:368:43:368:Infinity":145,"b:377:17:377:Infinity:378:20:393:Infinity":35,"f:380:37:380:43":34,"s:380:43:380:Infinity":146,"b:384:38:384:Infinity:385:38:385:167":36,"b:383:34:383:47:383:47:383:Infinity":37,"b:389:34:389:Infinity:390:34:390:Infinity":38,"b:388:29:388:42:388:42:388:Infinity":39,"s:399:28:446:Infinity":147,"f:399:28:399:Infinity":35,"s:400:8:446:Infinity":148,"f:403:29:403:35":36,"s:403:35:403:Infinity":149,"f:413:41:413:42":37,"s:414:20:434:Infinity":150,"b:417:29:417:Infinity:418:32:423:Infinity":40,"f:419:45:419:51":38,"s:419:51:419:Infinity":151,"b:422:90:422:97:422:97:422:Infinity":41,"b:422:37:422:50:422:50:422:90":42,"f:440:29:440:35":39,"s:440:35:440:Infinity":152,"s:449:4:637:Infinity":153,"f:459:29:459:35":40,"s:459:35:459:Infinity":154,"b:465:46:465:78:465:78:465:Infinity":43,"b:471:13:471:Infinity:472:16:623:Infinity":44,"b:482:32:485:Infinity:487:32:491:Infinity":45,"f:488:56:488:Infinity":41,"s:489:40:489:Infinity":155,"b:505:43:505:112:505:112:505:114":46,"f:510:52:510:53":42,"s:511:36:522:Infinity":156,"b:533:36:536:Infinity:538:36:545:Infinity":47,"f:538:54:538:Infinity":43,"s:539:40:544:Infinity":157,"f:543:54:543:60":44,"s:543:60:543:Infinity":158,"b:552:42:552:58:552:58:552:Infinity":48,"b:556:42:556:Infinity:557:42:557:164":49,"b:555:38:555:54:555:54:555:Infinity":50,"b:561:36:561:Infinity:563:36:563:Infinity":51,"b:567:29:567:57:567:57:567:Infinity:568:32:570:Infinity":52,"b:569:91:569:97:569:97:569:100":53,"b:596:32:615:Infinity:617:32:619:Infinity":54,"b:595:29:595:40:595:40:595:Infinity":55,"f:596:44:596:Infinity":45,"s:597:36:614:Infinity":159,"f:599:49:599:55":46,"s:599:57:599:81":160,"s:599:81:599:105":161,"b:605:52:605:Infinity:607:52:607:Infinity":56,"b:627:13:627:39:627:39:627:Infinity:628:16:628:Infinity":57,"b:628:25:628:45:628:45:628:Infinity":58,"s:642:36:648:Infinity":162,"f:642:36:642:42":47,"s:643:4:646:Infinity":163}}}
,"/home/selocan/Belgeler/tosbav2/hooks/useGameSession.ts": {"path":"/home/selocan/Belgeler/tosbav2/hooks/useGameSession.ts","statementMap":{"0":{"start":{"line":16,"column":30},"end":{"line":160,"column":null}},"1":{"start":{"line":24,"column":74},"end":{"line":24,"column":null}},"2":{"start":{"line":26,"column":40},"end":{"line":32,"column":null}},"3":{"start":{"line":35,"column":10},"end":{"line":35,"column":null}},"4":{"start":{"line":37,"column":10},"end":{"line":74,"column":null}},"5":{"start":{"line":38,"column":8},"end":{"line":43,"column":null}},"6":{"start":{"line":38,"column":33},"end":{"line":43,"column":10}},"7":{"start":{"line":45,"column":8},"end":{"line":66,"column":null}},"8":{"start":{"line":46,"column":12},"end":{"line":46,"column":null}},"9":{"start":{"line":47,"column":18},"end":{"line":47,"column":null}},"10":{"start":{"line":49,"column":52},"end":{"line":49,"column":null}},"11":{"start":{"line":50,"column":12},"end":{"line":54,"column":null}},"12":{"start":{"line":51,"column":16},"end":{"line":51,"column":null}},"13":{"start":{"line":52,"column":12},"end":{"line":54,"column":null}},"14":{"start":{"line":53,"column":16},"end":{"line":53,"column":null}},"15":{"start":{"line":56,"column":12},"end":{"line":65,"column":null}},"16":{"start":{"line":68,"column":8},"end":{"line":73,"column":null}},"17":{"start":{"line":69,"column":12},"end":{"line":69,"column":null}},"18":{"start":{"line":71,"column":12},"end":{"line":71,"column":null}},"19":{"start":{"line":71,"column":23},"end":{"line":71,"column":null}},"20":{"start":{"line":72,"column":12},"end":{"line":72,"column":null}},"21":{"start":{"line":72,"column":29},"end":{"line":72,"column":71}},"22":{"start":{"line":76,"column":10},"end":{"line":116,"column":null}},"23":{"start":{"line":77,"column":8},"end":{"line":77,"column":null}},"24":{"start":{"line":78,"column":28},"end":{"line":78,"column":null}},"25":{"start":{"line":79,"column":29},"end":{"line":79,"column":null}},"26":{"start":{"line":81,"column":8},"end":{"line":81,"column":null}},"27":{"start":{"line":84,"column":8},"end":{"line":88,"column":null}},"28":{"start":{"line":85,"column":12},"end":{"line":85,"column":null}},"29":{"start":{"line":85,"column":23},"end":{"line":85,"column":null}},"30":{"start":{"line":86,"column":12},"end":{"line":86,"column":null}},"31":{"start":{"line":86,"column":29},"end":{"line":86,"column":71}},"32":{"start":{"line":87,"column":12},"end":{"line":87,"column":null}},"33":{"start":{"line":91,"column":39},"end":{"line":92,"column":null}},"34":{"start":{"line":94,"column":33},"end":{"line":96,"column":null}},"35":{"start":{"line":98,"column":8},"end":{"line":112,"column":null}},"36":{"start":{"line":99,"column":12},"end":{"line":99,"column":null}},"37":{"start":{"line":102,"column":12},"end":{"line":107,"column":null}},"38":{"start":{"line":102,"column":37},"end":{"line":107,"column":14}},"39":{"start":{"line":109,"column":12},"end":{"line":111,"column":null}},"40":{"start":{"line":110,"column":16},"end":{"line":110,"column":null}},"41":{"start":{"line":110,"column":27},"end":{"line":110,"column":85}},"42":{"start":{"line":118,"column":10},"end":{"line":134,"column":null}},"43":{"start":{"line":120,"column":37},"end":{"line":120,"column":null}},"44":{"start":{"line":121,"column":8},"end":{"line":121,"column":null}},"45":{"start":{"line":123,"column":32},"end":{"line":123,"column":null}},"46":{"start":{"line":125,"column":8},"end":{"line":129,"column":null}},"47":{"start":{"line":125,"column":33},"end":{"line":129,"column":10}},"48":{"start":{"line":131,"column":8},"end":{"line":133,"column":null}},"49":{"start":{"line":132,"column":12},"end":{"line":132,"column":null}},"50":{"start":{"line":136,"column":10},"end":{"line":147,"column":null}},"51":{"start":{"line":137,"column":8},"end":{"line":139,"column":null}},"52":{"start":{"line":138,"column":12},"end":{"line":138,"column":null}},"53":{"start":{"line":140,"column":8},"end":{"line":140,"column":null}},"54":{"start":{"line":142,"column":8},"end":{"line":146,"column":null}},"55":{"start":{"line":143,"column":12},"end":{"line":143,"column":null}},"56":{"start":{"line":145,"column":12},"end":{"line":145,"column":null}},"57":{"start":{"line":150,"column":10},"end":{"line":152,"column":null}},"58":{"start":{"line":151,"column":8},"end":{"line":151,"column":null}},"59":{"start":{"line":154,"column":4},"end":{"line":159,"column":null}}},"fnMap":{"0":{"name":"(anonymous_0)","decl":{"start":{"line":16,"column":30},"end":{"line":16,"column":31}},"loc":{"start":{"line":23,"column":27},"end":{"line":160,"column":null}},"line":23},"1":{"name":"(anonymous_1)","decl":{"start":{"line":37,"column":48},"end":{"line":37,"column":49}},"loc":{"start":{"line":37,"column":120},"end":{"line":74,"column":7}},"line":37},"2":{"name":"(anonymous_2)","decl":{"start":{"line":38,"column":24},"end":{"line":38,"column":33}},"loc":{"start":{"line":38,"column":33},"end":{"line":43,"column":10}},"line":38},"3":{"name":"(anonymous_3)","decl":{"start":{"line":72,"column":23},"end":{"line":72,"column":29}},"loc":{"start":{"line":72,"column":29},"end":{"line":72,"column":71}},"line":72},"4":{"name":"(anonymous_4)","decl":{"start":{"line":76,"column":38},"end":{"line":76,"column":44}},"loc":{"start":{"line":76,"column":44},"end":{"line":113,"column":7}},"line":76},"5":{"name":"(anonymous_5)","decl":{"start":{"line":86,"column":23},"end":{"line":86,"column":29}},"loc":{"start":{"line":86,"column":29},"end":{"line":86,"column":71}},"line":86},"6":{"name":"(anonymous_6)","decl":{"start":{"line":102,"column":28},"end":{"line":102,"column":37}},"loc":{"start":{"line":102,"column":37},"end":{"line":107,"column":14}},"line":102},"7":{"name":"(anonymous_7)","decl":{"start":{"line":110,"column":27},"end":{"line":110,"column":33}},"loc":{"start":{"line":110,"column":27},"end":{"line":110,"column":85}},"line":110},"8":{"name":"(anonymous_8)","decl":{"start":{"line":118,"column":38},"end":{"line":118,"column":44}},"loc":{"start
[...]
:{"line":52,"column":null}}],"line":52},"5":{"loc":{"start":{"line":55,"column":69},"end":{"line":55,"column":130}},"type":"cond-expr","locations":[{"start":{"line":55,"column":86},"end":{"line":55,"column":121}},{"start":{"line":55,"column":121},"end":{"line":55,"column":130}}],"line":55},"6":{"loc":{"start":{"line":55,"column":93},"end":{"line":55,"column":117}},"type":"binary-expr","locations":[{"start":{"line":55,"column":93},"end":{"line":55,"column":115}},{"start":{"line":55,"column":115},"end":{"line":55,"column":117}}],"line":55},"7":{"loc":{"start":{"line":58,"column":24},"end":{"line":58,"column":null}},"type":"binary-expr","locations":[{"start":{"line":58,"column":24},"end":{"line":58,"column":35}},{"start":{"line":58,"column":35},"end":{"line":58,"column":null}}],"line":58},"8":{"loc":{"start":{"line":68,"column":28},"end":{"line":68,"column":null}},"type":"cond-expr","locations":[{"start":{"line":68,"column":42},"end":{"line":68,"column":65}},{"start":{"line":68,"column":65},"end":{"line":68,"column":null}}],"line":68}},"s":{"0":0,"1":0,"2":0,"3":0,"4":0,"5":0,"6":0,"7":0,"8":0,"9":0,"10":0,"11":0,"12":0,"13":0,"14":0,"15":0,"16":0,"17":0,"18":0,"19":0,"20":0,"21":0,"22":0,"23":0,"24":0,"25":0,"26":0,"27":0,"28":0,"29":0,"30":0,"31":0},"f":{"0":0,"1":0,"2":0,"3":0,"4":0,"5":0,"6":0},"b":{"0":[0,0],"1":[0,0],"2":[0,0],"3":[0,0],"4":[0,0],"5":[0,0],"6":[0,0],"7":[0,0],"8":[0,0]},"meta":{"lastBranch":9,"lastFunction":7,"lastStatement":32,"seen":{"f:8:4:8:14":0,"s:9:8:9:Infinity":0,"f:12:4:12:20":1,"s:13:20:13:Infinity":1,"b:13:20:13:43:13:43:13:Infinity":0,"b:19:8:31:Infinity:22:8:31:Infinity":1,"s:19:8:31:Infinity":2,"s:20:12:20:Infinity":3,"s:21:12:21:Infinity":4,"b:22:8:31:Infinity:25:8:31:Infinity":2,"s:22:8:31:Infinity":5,"s:23:12:23:Infinity":6,"s:24:12:24:Infinity":7,"b:25:8:31:Infinity:28:15:31:Infinity":3,"s:25:8:31:Infinity":8,"s:26:12:26:Infinity":9,"s:27:12:27:Infinity":10,"s:29:12:29:Infinity":11,"s:30:12:30:Infinity":12,"s:33:8:40:Infinity":13,"f:38:59:38:60":2,"s:38:69:38:131":14,"f:45:10:45:Infinity":3,"s:51:14:51:Infinity":15,"s:52:22:52:Infinity":16,"b:52:22:52:36:52:36:52:Infinity":4,"s:53:32:64:Infinity":17,"f:54:22:54:23":4,"s:54:32:63:14":18,"f:54:38:54:50":5,"s:55:28:55:Infinity":19,"b:55:86:55:121:55:121:55:130":5,"b:55:93:55:115:55:115:55:117":6,"s:56:33:56:Infinity":20,"s:57:16:62:Infinity":21,"b:58:24:58:35:58:35:58:Infinity":7,"s:67:28:67:Infinity":22,"f:67:49:67:54":6,"s:67:54:67:65":23,"s:68:28:68:Infinity":24,"b:68:42:68:65:68:65:68:Infinity":8,"s:71:27:71:Infinity":25,"s:72:8:76:Infinity":26,"s:72:21:72:44":27,"s:74:22:74:Infinity":28,"s:75:12:75:Infinity":29,"s:78:25:78:Infinity":30,"s:80:8:86:Infinity":31}}}
,"/home/selocan/Belgeler/tosbav2/services/generators/schema.ts": {"path":"/home/selocan/Belgeler/tosbav2/services/generators/schema.ts","statementMap":{"0":{"start":{"line":3,"column":30},"end":{"line":8,"column":null}},"1":{"start":{"line":10,"column":33},"end":{"line":23,"column":null}}},"fnMap":{},"branchMap":{},"s":{"0":3,"1":3},"f":{},"b":{},"meta":{"lastBranch":0,"lastFunction":0,"lastStatement":2,"seen":{"s:3:30:8:Infinity":0,"s:10:33:23:Infinity":1}}}
,"/home/selocan/Belgeler/tosbav2/store/contentWorkerStore.ts": {"path":"/home/selocan/Belgeler/tosbav2/store/contentWorkerStore.ts","statementMap":{"0":{"start":{"line":37,"column":51},"end":{"line":42,"column":null}},"1":{"start":{"line":44,"column":13},"end":{"line":108,"column":null}},"2":{"start":{"line":44,"column":67},"end":{"line":108,"column":2}},"3":{"start":{"line":55,"column":37},"end":{"line":63,"column":null}},"4":{"start":{"line":65,"column":8},"end":{"line":83,"column":null}},"5":{"start":{"line":66,"column":32},"end":{"line":70,"column":null}},"6":{"start":{"line":67,"column":16},"end":{"line":69,"column":null}},"7":{"start":{"line":72,"column":12},"end":{"line":74,"column":null}},"8":{"start":{"line":73,"column":16},"end":{"line":73,"column":null}},"9":{"start":{"line":76,"column":29},"end":{"line":80,"column":null}},"10":{"start":{"line":77,"column":31},"end":{"line":77,"column":null}},"11":{"start":{"line":78,"column":16},"end":{"line":78,"column":null}},"12":{"start":{"line":78,"column":34},"end":{"line":78,"column":null}},"13":{"start":{"line":79,"column":16},"end":{"line":79,"column":null}},"14":{"start":{"line":82,"column":12},"end":{"line":82,"column":null}},"15":{"start":{"line":85,"column":8},"end":{"line":87,"column":null}},"16":{"start":{"line":86,"column":12},"end":{"line":86,"column":null}},"17":{"start":{"line":90,"column":28},"end":{"line":92,"column":null}},"18":{"start":{"line":90,"column":42},"end":{"line":92,"column":6}},"19":{"start":{"line":91,"column":39},"end":{"line":91,"column":54}},"20":{"start":{"line":95,"column":8},"end":{"line":97,"column":null}},"21":{"start":{"line":96,"column":12},"end":{"line":96,"column":null}},"22":{"start":{"line":100,"column":26},"end":{"line":100,"column":null}},"23":{"start":{"line":103,"column":21},"end":{"line":103,"column":null}},"24":{"start":{"line":103,"column":43},"end":{"line":103,"column":58}},"25":{"start":{"line":104,"column":8},"end":{"line":104,"column":null}},"26":{"start":{"line":107,"column":22},"end":{"line":107,"column":null}},"27":{"start":{"line":112,"column":29},"end":{"line":139,"column":null}},"28":{"start":{"line":113,"column":4},"end":{"line":113,"column":null}},"29":{"start":{"line":113,"column":28},"end":{"line":113,"column":null}},"30":{"start":{"line":115,"column":4},"end":{"line":115,"column":null}},"31":{"start":{"line":117,"column":4},"end":{"line":138,"column":null}},"32":{"start":{"line":118,"column":22},"end":{"line":118,"column":null}},"33":{"start":{"line":119,"column":8},"end":{"line":119,"column":null}},"34":{"start":{"line":119,"column":33},"end":{"line":119,"column":null}},"35":{"start":{"line":121,"column":25},"end":{"line":121,"column":null}},"36":{"start":{"line":121,"column":47},"end":{"line":121,"column":69}},"37":{"start":{"line":123,"column":8},"end":{"line":126,"column":null}},"38":{"start":{"line":124,"column":12},"end":{"line":124,"column":null}},"39":{"start":{"line":125,"column":12},"end":{"line":125,"column":null}},"40":{"start":{"line":129,"column":8},"end":{"line":132,"column":null}},"41":{"start":{"line":129,"column":18},"end":{"line":132,"column":10}},"42":{"start":{"line":131,"column":36},"end":{"line":131,"column":90}},"43":{"start":{"line":134,"column":8},"end":{"line":134,"column":null}},"44":{"start":{"line":137,"column":8},"end":{"line":137,"column":null}},"45":{"start":{"line":137,"column":31},"end":{"line":137,"column":49}},"46":{"start":{"line":141,"column":28},"end":{"line":162,"column":null}},"47":{"start":{"line":142,"column":4},"end":{"line":161,"column":null}},"48":{"start":{"line":143,"column":8},"end":{"line":147,"column":null}},"49":{"start":{"line":144,"column":12},"end":{"line":144,"column":null}},"50":{"start":{"line":145,"column":8},"end":{"line":147,"column":null}},"51":{"start":{"line":146,"column":12},"end":{"line":146,"column":null}},"52":{"start":{"line":153,"column":8},"end":{"line":156,"column":null}},"53":{"start":{"line":153,"column":18},"end":{"line":156,"column":10}},"54":{"start":{"line":154,"column":39},"end":{"line":154,"column":55}},"55":{"start":{"line":159,"column":8},"end":{"line":159,"column":null}},"56":{"start":{"line":160,"column":8},"end":{"line":160,"column":null}},"57":{"start":{"line":164,"column":26},"end":{"line":183,"column":null}},"58":{"start":{"line":165,"column":4},"end":{"line":182,"column":null}},"59":{"start":{"line":166,"column":8},"end":{"line":174,"column":null}},"60":{"start":{"line":166,"column":18},"end":{"line":174,"column":10}},"61":{"start":{"line":168,"column":36},"end":{"line":173,"column":17}},"62":{"start":{"line":178,"column":8},"end":{"line":181,"column":null}},"63":{"start":{"line":178,"column":18},"end":{"line":181,"column":10}},"64":{"start":{"line":180,"column":39},"end":{"line":180,"column":55}}},"fnMap":{"0":{"name":"(anonymous_0)","decl":{"start":{"line":44,"column":52},"end":{"line":44,"column":53}},"loc":{"start":{"line":44,"column":67},"end":{"line":108,"column":2}},"line":44},"1":{"name":"(anonymous_1)","decl":{"start":{"line":50,"column":13},"end":{"line":50,"column":null}},"loc":{"start":{"line":54,"column":9},"end":{"line":88,"column":null}},"line":54},"2":{"name":"(anonymous_2)","decl":{"start":{"line":65,"column":12},"end":{"line":65,"column":21}},"loc":{"start":{"line":65,"column":21},"end":{"line":83,"column":9}},"line":65},"3":{"name":"(anonymous_3)","decl":{"start":{"line":66,"column":49},"end":{"line":66,"column":null}},"loc":{"start":{"line":67,"column":16},"end":{"line":69,"column":null}},"line":67},"4":{"name":"(anonymous_4)","decl":{"start":{"line":76,"column":60},"end":{"line":76,"column":61}},"loc":{"start":{"line":76,"column":70},"end":{"line":80,"column":13}},"line":76},"5":{"name":"(anonymous_5)","decl":{"start":{"line":90,"column":16},"end":{"line":90,"column":17}},"loc":{"start":{"line":90,"column":28},"end":{"line":92,"column":null}},"line":90},"6":{"name":"(anonymous_6)","decl":{"start":{"line":90,"column":32},"end":{"line":90,"column":42}},"loc":{"start":{"line":90,"column":42},"end":{"line":92,"column":6}},"line":90},"7":{"name":"(anonymous_7)","decl":{"start":{"line":91,"column":34},"end":{"line":91,"column":39}},"loc":{"start":{"line":91,"column":39},"end":{"line":91,"column":54}},"line":91},"8":{"name":"(anonymous_8)","decl":{"start":{"line":94,"column":21},"end":{"line":94,"column":27}},"loc":{"start":{"line":94,"column":27},"end":{"line":98,"column":null}},"line":94},"9":{"name":"(anonymous_9)","decl":{"start":{"line":100,"column":20},"end":{"line":100,"column":26}},"loc":{"start":{"line":100,"column":26},"end":{"line":100,"column":null}},"line":100},"10":{"name":"(anonymous_10)","decl":{"start":{"line":102,"column":19},"end":{"line":102,"column":20}},"loc":{"start":{"line":102,"column":31},"end":{"line":105,"column":null}},"line":102},"11":{"name":"(anonymous_11)","decl":{"start":{"line":103,"column":38},"end":{"line":103,"column":43}},"loc":{"start":{"line":103,"column":43},"end":{"line":103,"column":58}},"line":103},"12":{"name":"(anonymous_12)","decl":{"start":{"line":107,"column":16},"end":{"line":107,"column":22}},"loc":{"start":{"line":107,"column":22},"end":{"line":107,"column":null}},"line":107},"13":{"name":"(anonymous_13)","decl":{"start":{"line":112,"column":29},"end":{"line":112,"column":36}},"loc":{"start":{"line":112,"column":78},"end":{"line":139,"column":null}},"line":112},"14":{"name":"(anonymous_14)","decl":{"start":{"line":121,"column":42},"end":{"line":121,"column":47}},"loc":{"start":{"line":121,"column":47},"end":{"line":121,"column":69}},"line":121},"15":{"name":"(anonymous_15)","decl":{"start":{"line":129,"column":12},"end":{"line":129,"column":18}},"loc":{"start":{"line":129,"column":18},"end":{"line":132,"column":10}},"line":129},"16":{"name":"(anonymous_16)","decl":{"start":{"line":131,"column":31},"end":{"line":131,"column":36}},"loc":{"start":{"line":131,"column":36},"end":{"line":131,"column":90}},"line":131},"17":{"name":"(anonymous_17)","decl":{"start":{"line":137,"column":26},"end":{"line":137,"column":31}},"loc":{"start":{"line":137,"column":31},"end":{"line":137,"column":49}},"line":137},"18":{"name":"(anonymous_18)","decl":{"start":{"line":141,"column":28},"end":{"line":141,"column":35}},"loc":{"start":{"line":141,"column":72},"end":{"line":162,"column":null}},"line":141},"19":{"name":"(anonymous_19)","decl":{"start":{"line":153,"column":12},"end":{"line":153,"column":18}},"loc":{"start":{"line":153,"column":18},"end":{"line":156,"column":10}},"line":153},"20":{"name":"(anonymous_20)","decl":{"start":{"line":154,"column":34},"end":{"line":154,"column":39}},"loc":{"start":{"line":154,"column":39},"end":{"line":154,"column":55}},"line":154},"21":{"name":"(anonymous_21)","decl":{"start":{"line":164,"column":26},"end":{"line":164,"column":27}},"loc":{"start":{"line":164,"column":64},"end":{"line":183,"column":null}},"line":164},"22":{"name":"(anonymous_22)","decl":{"start":{"line":166,"column":12},"end":{"line":166,"column":18}},"loc":{"start":{"line":166,"column":18},"end":{"line":174,"column":10}},"line":166},"23":{"name":"(anonymous_23)","decl":{"start":{"line":168,"column":31},"end":{"line":168,"column":36}},"loc":{"start":{"line":168,"column":36},"end":{"line":173,"column":17}},"line":168},"24":{"name":"(anonymous_24)","decl":{"start":{"line":178,"column":12},"end":{"line":178,"column":18}},"loc":{"start":{"line":178,"column":18},"end":{"line":181,"column":10}},"line":178},"25":{"name":"(anonymous_25)","decl":{"start":{"line":180,"column":34},"end":{"line":180,"column":39}},"loc":{"start":{"line":180,"column":39},"end":{"line":180,"column":55}},"line":180}},"branchMap":{"0":{"loc":{"start":{"line":53,"column":8},"end":{"line":53,"column":null}},"type":"default-arg","locations":[{"start":{"line":53,"column":33},"end":{"line":53,"column":null}}],"line":53},"1":{"loc":{"start":{"line":67,"column":16},"end":{"line":69,"column":null}},"type":"binary-expr","locations":[{"start":{"line":67,"column":16},"end":{"line":67,"column":null}},{"start":{"line":68,"column":16},"end":{"line":68,"column":null}},{"start":{"line":69,"column":16},"end":{"line":69,"column":null}}],"line":67},"2":{"loc":{"start":{"line":72,"column":12},"end":{"line":74,"column":null}},"type":"if","locations":[{"start":{"line":72,"column":12},"end":{"line":74,"column":null}},{"start":{},"end":{}}],"line":72},"3":{"loc":{"start":{"line":78,"column":16},"end":{"line":78,"column":null}},"type":"if","locations":[{"start":{"line":78,"column":16},"end":{"line":78,"column":null}},{"start":{},"end":{}}],"line":78},"4":{"loc":{"start":{"line":85,"column":8},"end":{"line":87,"column":null}},"type":"if","locations":[{"start":{"line":85,"column":8},"end":{"line":87,"column":null}},{"start":{},"end":{}}],"line":85},"5":{"loc":{"start":{"line":95,"column":8},"end":{"line":97,"column":null}},"type":"if","locations":[{"start":{"line":95,"column":8},"end":{"line":97,"column":null}},{"start":{},"end":{}}],"line":95},"6":{"loc":{"start":{"line":104,"column":15},"end":{"line":104,"column":null}},"type":"cond-expr","locations":[{"start":{"line":104,"column":22},"end":{"line":104,"column":36}},{"start":{"line":104,"column":36},"end":{"line":104,"column":null}}],"line":104},"7":{"loc":{"start":{"line":113,"column":4},"end":{"line":113,"column":null}},"type":"if","locations":[{"start":{"line":113,"column":4},"end":{"line":113,"column":null}},{"start":{},"end":{}}],"line":113},"8":{"loc":{"start":{"line":119,"column":8},"end":{"line":119,"column":null}},"type":"if","locations":[{"start":{"line":119,"column":8},"end":{"line":119,"column":null}},{"start":{},"end":{}}],"line":119},"9":{"loc":{"start":{"line":123,"column":8},"end":{"line":126,"column":null}},"type":"if","locations":[{"start":{"line":123,"column":8},"end":{"line":126,"column":null}},{"start":{},"end":{}}],"line":123},"10":{"loc":{"start":{"line":131,"column":36},"end":{"line":131,"column":90}},"type":"cond-expr","locations":[{"start":{"line":131,"column":59},"end":{"line":131,"column":89}},{"start":{"line":131,"column":89},"end":{"line":131,"column":90}}],"line":131},"11":{"loc":{"start":{"line":143,"column":8},"end":{"line":147,"column":null}},"type":"if","locations":[{"start":{"line":143,"column":8},"end":{"line":147,"column":null}},{"start":{"line":145,"column":8},"end":{"line":147,"column":null}}],"line":143},"12":{"loc":{"start":{"line":145,"column":8},"end":{"line":147,"column":null}},"type":"if","locations":[{"start":{"line":145,"column":8},"end":{"line":147,"column":null}},{"start":{},"end":{}}],"line":145},"13":{"loc":{"start":{"line":165,"column":4},"end":{"line":182,"column":null}},"type":"if","locations":[{"start":{"line":165,"column":4},"end":{"line":182,"column":null}},{"start":{"line":177,"column":11},"end":{"line":182,"column":null}}],"line":165},"14":{"loc":{"start":{"line":168,"column":36},"end":{"line":173,"column":17}},"type":"cond-expr","locations":[{"start":{"line":168,"column":55},"end":{"line":173,"column":16}},{"start":{"line":173,"column":16},"end":{"line":173,"column":17}}],"line":168}},"s":{"0":1,"1":1,"2":1,"3":10,"4":10,"5":10,"6":5,"7":10,"8":1,"9":9,"10":6,"11":6,"12":5,"13":1,"14":9,"15":10,"16":5,"17":0,"18":0,"19":0,"20":0,"21":0,"22":0,"23":0,"24":0,"25":0,"26":7,"27":1,"28":5,"29":0,"30":5,"31":5,"32":5,"33":5,"34":0,"35":5,"36":5,"37":5,"38":0,"39":0,"40":5,"41":5,"42":5,"43":5,"44":5,"45":5,"46":1,"47":5,"48":5,"49":2,"50":3,"51":3,"52":4,"53":4,"54":5,"55":1,"56":1,"57":1,"58":1,"59":1,"60":1,"61":1,"62":0,"63":0,"64":0},"f":{"0":1,"1":10,"2":10,"3":5,"4":6,"5":0,"6":0,"7":0,"8":0,"9":0,"10":0,"11":0,"12":7,"13":5,"14":5,"15":5,"16":5,"17":5,"18":5,"19":4,"20":5,"21":1,"22":1,"23":1,"24":0,"25":0},"b":{"0":[10],"1":[5,5,1],"2":[1,9],"3":[5,1],"4":[5,5],"5":[0,0],"6":[0,0],"7":[0,5],"8":[0,5],"9":[0,5],"10":[5,0],"11":[2,3],"12":[3,0],"13":[1,0],"14":[1,0]},"meta":{"lastBranch":15,"lastFunction":26,"lastStatement":65,"seen":{"s:37:51:42:Infinity":0,"s:44:13:108:Infinity":1,"f:44:52:44:53":0,"s:44:67:108:2":2,"f:50:13:50:Infinity":1,"b:53:33:53:Infinity":0,"s:55:37:63:Infinity":3,"s:65:8:83:Infinity":4,"f:65:12:65:21":2,"s:66:32:70:Infinity":5,"f:66:49:66:Infinity":3,"s:67:16:69:Infinity":6,"b:67:16:67:Infinity:68:16:68:Infinity:69:16:69:Infinity":1,"b:72:12:74:Infinity:undefined:undefined:undefined:undefined":2,"s:72:12:74:Infinity":7,"s:73:16:73:Infinity":8,"s:76:29:80:Infinity":9,"f:76:60:76:61":4,"s:77:31:77:Infinity":10,"b:78:16:78:Infinity:undefined:undefined:undefined:undefined":3,"s:78:16:78:Infinity":11,"s:78:34:78:Infinity":12,"s:79:16:79:Infinity":13,"s:82:12:82:Infinity":14,"b:85:8:87:Infinity:undefined:undefined:undefined:undefined":4,"s:85:8:87:Infinity":15,"s:86:12:86:Infinity":16,"f:90:16:90:17":5,"s:90:28:92:Infinity":17,"f:90:32:90:42":6,"s:90:42:92:6":18,"f:91:34:91:39":7,"s:91:39:91:54":19,"f:94:21:94:27":8,"b:95:8:97:Infinity:undefined:undefined:undefined:undefined":5,"s:95:8:97:Infinity":20,"s:96:12:96:Infinity":21,"f:100:20:100:26":9,"s:100:26:100:Infinity":22,"f:102:19:102:20":10,"s:103:21:103:Infinity":23,"f:103:38:103:43":11,"s:103:43:103:58":24,"s:104:8:104:Infinity":25,"b:104:22:104:36:104:36:104:Infinity":6,"f:107:16:107:22":12,"s:107:22:107:Infinity":26,"s:112:29:139:Infinity":27,"f:112:29:112:36":13,"b:113:4:113:Infinity:undefined:undefined:undefined:undefined":7,"s:113:4:113:Infinity":28,"s:113:28:113:Infinity":29,"s:115:4:115:Infinity":30,"s:117:4:138:Infinity":31,"s:118:22:118:Infinity":32,"b:119:8:119:Infinity:undefined:undefined:undefined:undefined":8,"s:119:8:119:Infinity":33,"s:119:33:119:Infinity":34,"s:121:25:121:Infinity":35,"f:121:42:121:47":14,"s:121:47:121:69":36,"b:123:8:126:Infinity:undefined:undefined:undefined:undefined":9,"s:123:8:126:Infinity":37,"s:124:12:124:Infinity":38,"s:125:12:125:Infinity":39,"s:129:8:132:Infinity":40,"f:129:12:129:18":15,"s:129:18:132:10":41,"f:131:31:131:36":16,"s:131:36:131:90":42,"b:131:59:131:89:131:89:131:90":10,"s:134:8:134:Infinity":43,"s:137:8:137:Infinity":44,"f:137:26:137:31":17,"s:137:31:137:49":45,"s:141:28:162:Infinity":46,"f:141:28:141:35":18,"s:142:4:161:Infinity":47,"b:143:8:147:Infinity:145:8:147:Infinity":11,"s:143:8:147:Infinity":48,"s:144:12:144:Infinity":49,"b:145:8:147:Infinity:undefined:undefined:undefined:undefined":12,"s:145:8:147:Infinity":50,"s:146:12:146:Infinity":51,"s:153:8:156:Infinity":52,"f:153:12:153:18":19,"s:153:18:156:10":53,"f:154:34:154:39":20,"s:154:39:154:55":54,"s:159:8:159:Infinity":55,"s:160:8:160:Infinity":56,"s:164:26:183:Infinity":57,"f:164:26:164:27":21,"b:165:4:182:Infinity:177:11:182:Infinity":13,"s:165:4:182:Infinity":58,"s:166:8:174:Infinity":59,"f:166:12:166:18":22,"s:166:18:174:10":60,"f:168:31:168:36":23,"s:168:36:173:17":61,"b:168:55:173:16:173:16:173:17":14,"s:178:8:181:Infinity":62,"f:178:12:178:18":24,"s:178:18:181:10":63,"f:180:34:180:39":25,"s:180:39:180:55":64}}}
}
